#
# There is insufficient memory for the Java Runtime Environment to continue.
# Native memory allocation (mmap) failed to map 65536 bytes for Failed to commit metaspace.
# Possible reasons:
#   The system is out of physical RAM or swap space
#   The process is running with CompressedOops enabled, and the Java Heap may be blocking the growth of the native heap
# Possible solutions:
#   Reduce memory load on the system
#   Increase physical memory or swap space
#   Check if swap backing store is full
#   Decrease Java heap size (-Xmx/-Xms)
#   Decrease number of Java threads
#   Decrease Java thread stack sizes (-Xss)
#   Set larger code cache with -XX:ReservedCodeCacheSize=
#   JVM is running with Unscaled Compressed Oops mode in which the Java heap is
#     placed in the first 4GB address space. The Java Heap base address is the
#     maximum limit for the native heap growth. Please use -XX:HeapBaseMinAddress
#     to set the Java Heap base and to place the Java Heap above 4GB virtual address.
# This output file may be truncated or incomplete.
#
#  Out of Memory Error (virtualSpaceNode.cpp:110), pid=14540, tid=8492
#
# JRE version: OpenJDK Runtime Environment Temurin-17.0.4.1+1 (17.0.4.1+1) (build 17.0.4.1+1)
# Java VM: OpenJDK 64-Bit Server VM Temurin-17.0.4.1+1 (17.0.4.1+1, mixed mode, tiered, compressed oops, compressed class ptrs, parallel gc, windows-amd64)
# No core dump will be written. Minidumps are not enabled by default on client versions of Windows
#

---------------  S U M M A R Y ------------

Command Line: --add-modules=ALL-SYSTEM --add-opens=java.base/java.util=ALL-UNNAMED --add-opens=java.base/java.lang=ALL-UNNAMED --add-opens=java.base/sun.nio.fs=ALL-UNNAMED -Declipse.application=org.eclipse.jdt.ls.core.id1 -Dosgi.bundles.defaultStartLevel=4 -Declipse.product=org.eclipse.jdt.ls.core.product -Djava.import.generatesMetadataFilesAtProjectRoot=false -Dfile.encoding=utf8 -XX:+UseParallelGC -XX:GCTimeRatio=4 -XX:AdaptiveSizePolicyWeight=90 -Dsun.zip.disableMemoryMapping=true -Xmx1G -Xms100m -Xlog:disable -javaagent:c:\Users\Ahmed\.vscode\extensions\redhat.java-1.12.0-win32-x64\lombok\lombok-1.18.24.jar -XX:+HeapDumpOnOutOfMemoryError -XX:HeapDumpPath=c:\Users\Ahmed\AppData\Roaming\Code\User\workspaceStorage\89fba2ed17bc31c87d946e02060d89f5\redhat.java c:\Users\Ahmed\.vscode\extensions\redhat.java-1.12.0-win32-x64\server\plugins\org.eclipse.equinox.launcher_1.6.400.v20210924-0641.jar -configuration c:\Users\Ahmed\AppData\Roaming\Code\User\globalStorage\redhat.java\1.12.0\config_win -data c:\Users\Ahmed\AppData\Roaming\Code\User\workspaceStorage\89fba2ed17bc31c87d946e02060d89f5\redhat.java\jdt_ws

Host: Intel(R) Core(TM) i7-8750H CPU @ 2.20GHz, 12 cores, 15G,  Windows 10 , 64 bit Build 19041 (10.0.19041.2251)
Time: Fri Nov 25 16:40:46 2022 Pakistan Standard Time elapsed time: 2.301686 seconds (0d 0h 0m 2s)

---------------  T H R E A D  ---------------

Current thread (0x000002333d6dd5b0):  JavaThread "Start Level: Equinox Container: b69eae1e-9724-4e80-a17f-32b0ca9de7ac" daemon [_thread_in_vm, id=8492, stack(0x000000694ac00000,0x000000694ad00000)]

Stack: [0x000000694ac00000,0x000000694ad00000]
Native frames: (J=compiled Java code, j=interpreted, Vv=VM code, C=native code)
V  [jvm.dll+0x67731a]
V  [jvm.dll+0x832284]
V  [jvm.dll+0x833a2e]
V  [jvm.dll+0x834093]
V  [jvm.dll+0x245775]
V  [jvm.dll+0x82e22b]
V  [jvm.dll+0x61bdf6]
V  [jvm.dll+0x1c07be]
V  [jvm.dll+0x61e741]
V  [jvm.dll+0x61c796]
V  [jvm.dll+0x23b260]
V  [jvm.dll+0x1eafbd]
V  [jvm.dll+0x1e09f1]
V  [jvm.dll+0x53c910]
V  [jvm.dll+0x7ad138]
V  [jvm.dll+0x7ad224]
V  [jvm.dll+0x40ccd5]
V  [jvm.dll+0x412ec8]
C  [java.dll+0x17ec]

Java frames: (J=compiled Java code, j=interpreted, Vv=VM code)
J 1060  java.lang.ClassLoader.defineClass1(Ljava/lang/ClassLoader;Ljava/lang/String;[BIILjava/security/ProtectionDomain;Ljava/lang/String;)Ljava/lang/Class; java.base@17.0.4.1 (0 bytes) @ 0x0000023330a7265b [0x0000023330a725a0+0x00000000000000bb]
J 1680 c1 java.lang.ClassLoader.defineClass(Ljava/lang/String;[BIILjava/security/ProtectionDomain;)Ljava/lang/Class; java.base@17.0.4.1 (43 bytes) @ 0x00000233297ec654 [0x00000233297ec300+0x0000000000000354]
J 2179 c1 org.eclipse.osgi.internal.loader.ModuleClassLoader.defineClass(Ljava/lang/String;[BLorg/eclipse/osgi/internal/loader/classpath/ClasspathEntry;)Lorg/eclipse/osgi/internal/loader/ModuleClassLoader$DefineClassResult; (138 bytes) @ 0x000002332991bb1c [0x000002332991b8c0+0x000000000000025c]
J 2050 c1 org.eclipse.osgi.internal.loader.classpath.ClasspathManager.defineClass(Ljava/lang/String;[BLorg/eclipse/osgi/internal/loader/classpath/ClasspathEntry;Lorg/eclipse/osgi/storage/bundlefile/BundleEntry;Ljava/util/List;)Ljava/lang/Class; (636 bytes) @ 0x00000233298d2bb4 [0x00000233298d11e0+0x00000000000019d4]
J 1725 c1 org.eclipse.osgi.internal.loader.classpath.ClasspathManager.findClassImpl(Ljava/lang/String;Lorg/eclipse/osgi/internal/loader/classpath/ClasspathEntry;Ljava/util/List;)Ljava/lang/Class; (308 bytes) @ 0x0000023329818f74 [0x00000233298161c0+0x0000000000002db4]
J 1724 c1 org.eclipse.osgi.internal.loader.classpath.ClasspathManager.findLocalClassImpl(Ljava/lang/String;[Lorg/eclipse/osgi/internal/loader/classpath/ClasspathEntry;Ljava/util/List;)Ljava/lang/Class; (55 bytes) @ 0x000002332981564c [0x00000233298154c0+0x000000000000018c]
J 2034 c1 org.eclipse.osgi.internal.loader.classpath.ClasspathManager.findLocalClassImpl(Ljava/lang/String;Ljava/util/List;)Ljava/lang/Class; (132 bytes) @ 0x00000233298c7ed4 [0x00000233298c79c0+0x0000000000000514]
J 1720 c1 org.eclipse.osgi.internal.loader.classpath.ClasspathManager.findLocalClass(Ljava/lang/String;)Ljava/lang/Class; (210 bytes) @ 0x000002332980f6bc [0x000002332980ea20+0x0000000000000c9c]
J 1718 c1 org.eclipse.osgi.internal.loader.BundleLoader.findLocalClass(Ljava/lang/String;)Ljava/lang/Class; (152 bytes) @ 0x000002332980cb6c [0x000002332980c320+0x000000000000084c]
J 2526 c1 org.eclipse.osgi.internal.loader.BundleLoader.findClass0(Ljava/lang/String;ZZ)Ljava/lang/Class; (466 bytes) @ 0x00000233299b4ca4 [0x00000233299b2680+0x0000000000002624]
J 1646 c1 org.eclipse.osgi.internal.loader.BundleLoader.findClass(Ljava/lang/String;)Ljava/lang/Class; (8 bytes) @ 0x00000233297d889c [0x00000233297d8820+0x000000000000007c]
J 1649 c1 org.eclipse.osgi.internal.loader.ModuleClassLoader.loadClass(Ljava/lang/String;Z)Ljava/lang/Class; (36 bytes) @ 0x00000233297df63c [0x00000233297df420+0x000000000000021c]
J 784 c1 java.lang.ClassLoader.loadClass(Ljava/lang/String;)Ljava/lang/Class; java.base@17.0.4.1 (7 bytes) @ 0x000002332961473c [0x0000023329614640+0x00000000000000fc]
v  ~StubRoutines::call_stub
j  org.eclipse.jdt.internal.core.JavaModelManager$8.optionsChanged(Lorg/eclipse/osgi/service/debug/DebugOptions;)V+127
j  org.eclipse.osgi.internal.debug.FrameworkDebugOptions.addingService(Lorg/osgi/framework/ServiceReference;)Lorg/eclipse/osgi/service/debug/DebugOptionsListener;+16
j  org.eclipse.osgi.internal.debug.FrameworkDebugOptions.addingService(Lorg/osgi/framework/ServiceReference;)Ljava/lang/Object;+5
j  org.osgi.util.tracker.ServiceTracker$Tracked.customizerAdding(Lorg/osgi/framework/ServiceReference;Lorg/osgi/framework/ServiceEvent;)Ljava/lang/Object;+8
j  org.osgi.util.tracker.ServiceTracker$Tracked.customizerAdding(Ljava/lang/Object;Ljava/lang/Object;)Ljava/lang/Object;+9
j  org.osgi.util.tracker.AbstractTracked.trackAdding(Ljava/lang/Object;Ljava/lang/Object;)V+8
j  org.osgi.util.tracker.AbstractTracked.track(Ljava/lang/Object;Ljava/lang/Object;)V+83
j  org.osgi.util.tracker.ServiceTracker$Tracked.serviceChanged(Lorg/osgi/framework/ServiceEvent;)V+67
J 1528 c1 org.eclipse.osgi.internal.serviceregistry.FilteredServiceListener.serviceChanged(Lorg/osgi/framework/ServiceEvent;)V (284 bytes) @ 0x00000233297af834 [0x00000233297ad560+0x00000000000022d4]
J 1515 c1 org.eclipse.osgi.internal.framework.BundleContextImpl.dispatchEvent(Ljava/lang/Object;Ljava/lang/Object;ILjava/lang/Object;)V (558 bytes) @ 0x00000233297a30f4 [0x00000233297a0020+0x00000000000030d4]
J 1925 c1 org.eclipse.osgi.framework.eventmgr.EventManager.dispatchEvent(Ljava/util/Set;Lorg/eclipse/osgi/framework/eventmgr/EventDispatcher;ILjava/lang/Object;)V (69 bytes) @ 0x00000233298931f4 [0x0000023329892d20+0x00000000000004d4]
j  org.eclipse.osgi.framework.eventmgr.ListenerQueue.dispatchEventSynchronous(ILjava/lang/Object;)V+67
j  org.eclipse.osgi.internal.serviceregistry.ServiceRegistry.publishServiceEventPrivileged(Lorg/osgi/framework/ServiceEvent;)V+320
j  org.eclipse.osgi.internal.serviceregistry.ServiceRegistry.publishServiceEvent(Lorg/osgi/framework/ServiceEvent;)V+8
j  org.eclipse.osgi.internal.serviceregistry.ServiceRegistrationImpl.register(Ljava/util/Dictionary;)V+128
j  org.eclipse.osgi.internal.serviceregistry.ServiceRegistry.registerService(Lorg/eclipse/osgi/internal/framework/BundleContextImpl;[Ljava/lang/String;Ljava/lang/Object;Ljava/util/Dictionary;)Lorg/eclipse/osgi/internal/serviceregistry/ServiceRegistrationImpl;+298
j  org.eclipse.osgi.internal.framework.BundleContextImpl.registerService([Ljava/lang/String;Ljava/lang/Object;Ljava/util/Dictionary;)Lorg/osgi/framework/ServiceRegistration;+15
j  org.eclipse.osgi.internal.framework.BundleContextImpl.registerService(Ljava/lang/String;Ljava/lang/Object;Ljava/util/Dictionary;)Lorg/osgi/framework/ServiceRegistration;+15
j  org.eclipse.osgi.internal.framework.BundleContextImpl.registerService(Ljava/lang/Class;Ljava/lang/Object;Ljava/util/Dictionary;)Lorg/osgi/framework/ServiceRegistration;+7
j  org.eclipse.jdt.internal.core.JavaModelManager.registerDebugOptionsListener(Lorg/osgi/framework/BundleContext;)V+32
j  org.eclipse.jdt.core.JavaCore.start(Lorg/osgi/framework/BundleContext;)V+6
j  org.eclipse.osgi.internal.framework.BundleContextImpl$2.run()Ljava/lang/Void;+23
j  org.eclipse.osgi.internal.framework.BundleContextImpl$2.run()Ljava/lang/Object;+1
J 1236 c1 java.security.AccessController.executePrivileged(Ljava/security/PrivilegedExceptionAction;Ljava/security/AccessControlContext;Ljava/lang/Class;)Ljava/lang/Object; java.base@17.0.4.1 (65 bytes) @ 0x00000233296fbab4 [0x00000233296fb960+0x0000000000000154]
j  java.security.AccessController.doPrivileged(Ljava/security/PrivilegedExceptionAction;)Ljava/lang/Object;+9 java.base@17.0.4.1
j  org.eclipse.osgi.internal.framework.BundleContextImpl.startActivator(Lorg/osgi/framework/BundleActivator;)V+9
j  org.eclipse.osgi.internal.framework.BundleContextImpl.start()V+134
j  org.eclipse.osgi.internal.framework.EquinoxBundle.startWorker0()V+35
j  org.eclipse.osgi.internal.framework.EquinoxBundle$EquinoxModule.startWorker()V+4
j  org.eclipse.osgi.container.Module.doStart([Lorg/eclipse/osgi/container/Module$StartOptions;)Lorg/eclipse/osgi/container/ModuleContainerAdaptor$ModuleEvent;+190
J 2152 c1 org.eclipse.osgi.container.Module.start([Lorg/eclipse/osgi/container/Module$StartOptions;)V (655 bytes) @ 0x000002332990dd54 [0x000002332990b9e0+0x0000000000002374]
J 2176 c1 org.eclipse.osgi.framework.util.SecureAction.start(Lorg/eclipse/osgi/container/Module;[Lorg/eclipse/osgi/container/Module$StartOptions;)V (61 bytes) @ 0x00000233299185cc [0x0000023329918140+0x000000000000048c]
J 1918 c1 org.eclipse.osgi.internal.hooks.EclipseLazyStarter.postFindLocalClass(Ljava/lang/String;Ljava/lang/Class;Lorg/eclipse/osgi/internal/loader/classpath/ClasspathManager;)V (394 bytes) @ 0x000002332988bddc [0x000002332988ae60+0x0000000000000f7c]
J 1720 c1 org.eclipse.osgi.internal.loader.classpath.ClasspathManager.findLocalClass(Ljava/lang/String;)Ljava/lang/Class; (210 bytes) @ 0x000002332980f9d4 [0x000002332980ea20+0x0000000000000fb4]
J 1718 c1 org.eclipse.osgi.internal.loader.BundleLoader.findLocalClass(Ljava/lang/String;)Ljava/lang/Class; (152 bytes) @ 0x000002332980cb6c [0x000002332980c320+0x000000000000084c]
J 1935 c1 org.eclipse.osgi.internal.loader.sources.SingleSourcePackage.loadClass(Ljava/lang/String;)Ljava/lang/Class; (9 bytes) @ 0x000002332989773c [0x0000023329897640+0x00000000000000fc]
J 2526 c1 org.eclipse.osgi.internal.loader.BundleLoader.findClass0(Ljava/lang/String;ZZ)Ljava/lang/Class; (466 bytes) @ 0x00000233299b4bac [0x00000233299b2680+0x000000000000252c]
J 1646 c1 org.eclipse.osgi.internal.loader.BundleLoader.findClass(Ljava/lang/String;)Ljava/lang/Class; (8 bytes) @ 0x00000233297d889c [0x00000233297d8820+0x000000000000007c]
J 1649 c1 org.eclipse.osgi.internal.loader.ModuleClassLoader.loadClass(Ljava/lang/String;Z)Ljava/lang/Class; (36 bytes) @ 0x00000233297df63c [0x00000233297df420+0x000000000000021c]
J 784 c1 java.lang.ClassLoader.loadClass(Ljava/lang/String;)Ljava/lang/Class; java.base@17.0.4.1 (7 bytes) @ 0x000002332961473c [0x0000023329614640+0x00000000000000fc]
v  ~StubRoutines::call_stub
j  java.lang.Class.getDeclaredConstructors0(Z)[Ljava/lang/reflect/Constructor;+0 java.base@17.0.4.1
j  java.lang.Class.privateGetDeclaredConstructors(Z)[Ljava/lang/reflect/Constructor;+52 java.base@17.0.4.1
j  java.lang.Class.getConstructor0([Ljava/lang/Class;I)Ljava/lang/reflect/Constructor;+14 java.base@17.0.4.1
j  java.lang.Class.getConstructor([Ljava/lang/Class;)Ljava/lang/reflect/Constructor;+24 java.base@17.0.4.1
j  org.eclipse.osgi.internal.framework.BundleContextImpl.loadBundleActivator()Lorg/osgi/framework/BundleActivator;+105
j  org.eclipse.osgi.internal.framework.BundleContextImpl.start()V+18
j  org.eclipse.osgi.internal.framework.EquinoxBundle.startWorker0()V+35
j  org.eclipse.osgi.internal.framework.EquinoxBundle$EquinoxModule.startWorker()V+4
j  org.eclipse.osgi.container.Module.doStart([Lorg/eclipse/osgi/container/Module$StartOptions;)Lorg/eclipse/osgi/container/ModuleContainerAdaptor$ModuleEvent;+190
j  org.eclipse.osgi.container.Module.start([Lorg/eclipse/osgi/container/Module$StartOptions;)V+460
j  org.eclipse.osgi.container.ModuleContainer$ContainerStartLevel$2.run()V+71
j  org.eclipse.osgi.internal.framework.EquinoxContainerAdaptor$1$1.execute(Ljava/lang/Runnable;)V+1
j  org.eclipse.osgi.container.ModuleContainer$ContainerStartLevel.incStartLevel(ILjava/util/List;Z)V+192
j  org.eclipse.osgi.container.ModuleContainer$ContainerStartLevel.incStartLevel(ILjava/util/List;Ljava/util/List;Ljava/util/List;Ljava/util/List;)V+19
j  org.eclipse.osgi.container.ModuleContainer$ContainerStartLevel.doContainerStartLevel(Lorg/eclipse/osgi/container/Module;I[Lorg/osgi/framework/FrameworkListener;)V+349
j  org.eclipse.osgi.container.ModuleContainer$ContainerStartLevel.dispatchEvent(Lorg/eclipse/osgi/container/Module;[Lorg/osgi/framework/FrameworkListener;ILjava/lang/Integer;)V+32
j  org.eclipse.osgi.container.ModuleContainer$ContainerStartLevel.dispatchEvent(Ljava/lang/Object;Ljava/lang/Object;ILjava/lang/Object;)V+15
j  org.eclipse.osgi.framework.eventmgr.EventManager.dispatchEvent(Ljava/util/Set;Lorg/eclipse/osgi/framework/eventmgr/EventDispatcher;ILjava/lang/Object;)V+48
j  org.eclipse.osgi.framework.eventmgr.EventManager$EventThread.run()V+26
v  ~StubRoutines::call_stub

---------------  P R O C E S S  ---------------

Threads class SMR info:
_java_thread_list=0x000002333eb1f2b0, length=22, elements={
0x00000233262a3360, 0x000002333a134ea0, 0x000002333a136730, 0x000002333bea8260,
0x000002333bea8fe0, 0x000002333beac400, 0x000002333beb2560, 0x000002333beb7950,
0x000002333beb8ae0, 0x000002333bec2440, 0x000002333bfb0400, 0x000002333c00f400,
0x000002333c168a40, 0x000002333d83efc0, 0x000002333d84aec0, 0x000002333eabff40,
0x000002333d6dd5b0, 0x000002333ea1ea10, 0x000002333e6492d0, 0x000002333e784be0,
0x000002333e785580, 0x000002333e784710
}

Java Threads: ( => current thread )
  0x00000233262a3360 JavaThread "main" [_thread_blocked, id=3592, stack(0x0000006949400000,0x0000006949500000)]
  0x000002333a134ea0 JavaThread "Reference Handler" daemon [_thread_blocked, id=2216, stack(0x0000006949700000,0x0000006949800000)]
  0x000002333a136730 JavaThread "Finalizer" daemon [_thread_blocked, id=492, stack(0x0000006949800000,0x0000006949900000)]
  0x000002333bea8260 JavaThread "Signal Dispatcher" daemon [_thread_blocked, id=13060, stack(0x0000006949900000,0x0000006949a00000)]
  0x000002333bea8fe0 JavaThread "Attach Listener" daemon [_thread_blocked, id=6568, stack(0x0000006949a00000,0x0000006949b00000)]
  0x000002333beac400 JavaThread "Service Thread" daemon [_thread_blocked, id=4636, stack(0x0000006949b00000,0x0000006949c00000)]
  0x000002333beb2560 JavaThread "Monitor Deflation Thread" daemon [_thread_blocked, id=14892, stack(0x0000006949c00000,0x0000006949d00000)]
  0x000002333beb7950 JavaThread "C2 CompilerThread0" daemon [_thread_blocked, id=5432, stack(0x0000006949d00000,0x0000006949e00000)]
  0x000002333beb8ae0 JavaThread "C1 CompilerThread0" daemon [_thread_blocked, id=6488, stack(0x0000006949e00000,0x0000006949f00000)]
  0x000002333bec2440 JavaThread "Sweeper thread" daemon [_thread_blocked, id=2736, stack(0x0000006949f00000,0x000000694a000000)]
  0x000002333bfb0400 JavaThread "Common-Cleaner" daemon [_thread_blocked, id=5692, stack(0x000000694a000000,0x000000694a100000)]
  0x000002333c00f400 JavaThread "C2 CompilerThread1" daemon [_thread_blocked, id=12852, stack(0x000000694a100000,0x000000694a200000)]
  0x000002333c168a40 JavaThread "Notification Thread" daemon [_thread_blocked, id=3288, stack(0x000000694a200000,0x000000694a300000)]
  0x000002333d83efc0 JavaThread "C2 CompilerThread2" daemon [_thread_blocked, id=11728, stack(0x000000694a400000,0x000000694a500000)]
  0x000002333d84aec0 JavaThread "Active Thread: Equinox Container: b69eae1e-9724-4e80-a17f-32b0ca9de7ac" [_thread_blocked, id=9404, stack(0x000000694aa00000,0x000000694ab00000)]
  0x000002333eabff40 JavaThread "Framework Event Dispatcher: Equinox Container: b69eae1e-9724-4e80-a17f-32b0ca9de7ac" daemon [_thread_blocked, id=1036, stack(0x000000694ab00000,0x000000694ac00000)]
=>0x000002333d6dd5b0 JavaThread "Start Level: Equinox Container: b69eae1e-9724-4e80-a17f-32b0ca9de7ac" daemon [_thread_in_vm, id=8492, stack(0x000000694ac00000,0x000000694ad00000)]
  0x000002333ea1ea10 JavaThread "SCR Component Actor" daemon [_thread_blocked, id=4860, stack(0x000000694ad00000,0x000000694ae00000)]
  0x000002333e6492d0 JavaThread "SCR Component Registry" daemon [_thread_blocked, id=8588, stack(0x000000694b000000,0x000000694b100000)]
  0x000002333e784be0 JavaThread "Worker-JM" [_thread_blocked, id=13788, stack(0x000000694b100000,0x000000694b200000)]
  0x000002333e785580 JavaThread "Worker-0" [_thread_blocked, id=14520, stack(0x000000694b400000,0x000000694b500000)]
  0x000002333e784710 JavaThread "Worker-1" [_thread_blocked, id=9308, stack(0x000000694b500000,0x000000694b600000)]

Other Threads:
  0x000002333be71810 VMThread "VM Thread" [stack: 0x0000006949600000,0x0000006949700000] [id=3756]
  0x000002333c168f10 WatcherThread [stack: 0x000000694a300000,0x000000694a400000] [id=13616]
  0x00000233262b8c70 GCTaskThread "GC Thread#0" [stack: 0x0000006949500000,0x0000006949600000] [id=9388]
  0x000002333d8889c0 GCTaskThread "GC Thread#1" [stack: 0x000000694a500000,0x000000694a600000] [id=7032]
  0x000002333d4e9d50 GCTaskThread "GC Thread#2" [stack: 0x000000694a600000,0x000000694a700000] [id=16212]
  0x000002333d798b90 GCTaskThread "GC Thread#3" [stack: 0x000000694a700000,0x000000694a800000] [id=7556]
  0x000002333d847f30 GCTaskThread "GC Thread#4" [stack: 0x000000694a800000,0x000000694a900000] [id=16112]
  0x000002333d8481e0 GCTaskThread "GC Thread#5" [stack: 0x000000694a900000,0x000000694aa00000] [id=3332]
  0x000002333d6de1c0 GCTaskThread "GC Thread#6" [stack: 0x000000694ae00000,0x000000694af00000] [id=13412]
  0x000002333ea156e0 GCTaskThread "GC Thread#7" [stack: 0x000000694af00000,0x000000694b000000] [id=15464]
  0x000002333ecd4b70 GCTaskThread "GC Thread#8" [stack: 0x000000694b200000,0x000000694b300000] [id=9612]
  0x000002333ecd5b90 GCTaskThread "GC Thread#9" [stack: 0x000000694b300000,0x000000694b400000] [id=11564]

Threads with active compile tasks:

VM state: not at safepoint (normal execution)

VM Mutex/Monitor currently owned by a thread:  ([mutex/lock_event])
[0x000002332629da00] Metaspace_lock - owner thread: 0x000002333d6dd5b0

Heap address: 0x00000000c0000000, size: 1024 MB, Compressed Oops mode: 32-bit

CDS archive(s) not mapped
Compressed class space mapped at: 0x0000000100000000-0x0000000140000000, reserved size: 1073741824
Narrow klass base: 0x0000000000000000, Narrow klass shift: 3, Narrow klass range: 0x140000000

GC Precious Log:
 CPUs: 12 total, 12 available
 Memory: 16272M
 Large Page Support: Disabled
 NUMA Support: Disabled
 Compressed Oops: Enabled (32-bit)
 Alignments: Space 512K, Generation 512K, Heap 2M
 Heap Min Capacity: 100M
 Heap Initial Capacity: 100M
 Heap Max Capacity: 1G
 Pre-touch: Disabled
 Parallel Workers: 10

Heap:
 PSYoungGen      total 29184K, used 16941K [0x00000000eab00000, 0x00000000ecc80000, 0x0000000100000000)
  eden space 25088K, 51% used [0x00000000eab00000,0x00000000eb7b1c18,0x00000000ec380000)
  from space 4096K, 96% used [0x00000000ec400000,0x00000000ec7d98a8,0x00000000ec800000)
  to   space 4608K, 0% used [0x00000000ec800000,0x00000000ec800000,0x00000000ecc80000)
 ParOldGen       total 68608K, used 8732K [0x00000000c0000000, 0x00000000c4300000, 0x00000000eab00000)
  object space 68608K, 12% used [0x00000000c0000000,0x00000000c0887358,0x00000000c4300000)
 Metaspace       used 25679K, committed 26112K, reserved 1073152K
  class space    used 2550K, committed 2752K, reserved 1048576K

Card table byte_map: [0x0000023325c90000,0x0000023325ea0000] _byte_map_base: 0x0000023325690000

Marking Bits: (ParMarkBitMap*) 0x00007ffd696c2cc0
 Begin Bits: [0x0000023337f40000, 0x0000023338f40000)
 End Bits:   [0x0000023338f40000, 0x0000023339f40000)

Polling page: 0x0000023325a80000

Metaspace:

Usage:
  Non-class:     22.59 MB used.
      Class:      2.49 MB used.
       Both:     25.08 MB used.

Virtual space:
  Non-class space:       24.00 MB reserved,      22.81 MB ( 95%) committed,  3 nodes.
      Class space:        1.00 GB reserved,       2.69 MB ( <1%) committed,  1 nodes.
             Both:        1.02 GB reserved,      25.50 MB (  2%) committed. 

Chunk freelists:
   Non-Class:  1008.00 KB
       Class:  1.34 MB
        Both:  2.33 MB

MaxMetaspaceSize: unlimited
CompressedClassSpaceSize: 1.00 GB
Initial GC threshold: 21.00 MB
Current GC threshold: 35.00 MB
CDS: off
MetaspaceReclaimPolicy: balanced
 - commit_granule_bytes: 65536.
 - commit_granule_words: 8192.
 - virtual_space_node_default_size: 1048576.
 - enlarge_chunks_in_place: 1.
 - new_chunks_are_fully_committed: 0.
 - uncommit_free_chunks: 1.
 - use_allocation_guard: 0.
 - handle_deallocations: 1.


Internal statistics:

num_allocs_failed_limit: 3.
num_arena_births: 192.
num_arena_deaths: 14.
num_vsnodes_births: 4.
num_vsnodes_deaths: 0.
num_space_committed: 408.
num_space_uncommitted: 0.
num_chunks_returned_to_freelist: 17.
num_chunks_taken_from_freelist: 854.
num_chunk_merges: 4.
num_chunk_splits: 581.
num_chunks_enlarged: 417.
num_purges: 2.
num_inconsistent_stats: 0.

CodeHeap 'non-profiled nmethods': size=120000Kb used=1137Kb max_used=1137Kb free=118862Kb
 bounds [0x0000023330a10000, 0x0000023330c80000, 0x0000023337f40000]
CodeHeap 'profiled nmethods': size=120000Kb used=5426Kb max_used=5426Kb free=114573Kb
 bounds [0x00000233294e0000, 0x0000023329a30000, 0x0000023330a10000]
CodeHeap 'non-nmethods': size=5760Kb used=1187Kb max_used=1224Kb free=4572Kb
 bounds [0x0000023328f40000, 0x00000233291b0000, 0x00000233294e0000]
 total_blobs=3191 nmethods=2699 adapters=406
 compilation: enabled
              stopped_count=0, restarted_count=0
 full_count=0

Compilation events (20 events):
Event: 2.265 Thread 0x000002333beb8ae0 nmethod 2694 0x0000023329a24990 code [0x0000023329a24b60, 0x0000023329a24e18]
Event: 2.265 Thread 0x000002333beb8ae0 2695       3       org.eclipse.core.runtime.Path::hashCode (28 bytes)
Event: 2.265 Thread 0x000002333beb8ae0 nmethod 2695 0x0000023329a24f90 code [0x0000023329a25140, 0x0000023329a252e8]
Event: 2.265 Thread 0x000002333beb8ae0 2696       3       org.eclipse.core.runtime.Path::<init> (77 bytes)
Event: 2.265 Thread 0x000002333beb8ae0 nmethod 2696 0x0000023329a25390 code [0x0000023329a25580, 0x0000023329a25948]
Event: 2.265 Thread 0x000002333beb8ae0 2697       3       org.eclipse.core.runtime.Path::fromPortableString (175 bytes)
Event: 2.266 Thread 0x000002333beb8ae0 nmethod 2697 0x0000023329a25b90 code [0x0000023329a25ee0, 0x0000023329a27298]
Event: 2.268 Thread 0x000002333beb7950 2698   !   4       java.util.WeakHashMap::expungeStaleEntries (139 bytes)
Event: 2.270 Thread 0x000002333beb7950 nmethod 2698 0x0000023330b2a490 code [0x0000023330b2a620, 0x0000023330b2a9e8]
Event: 2.273 Thread 0x000002333d83efc0 nmethod 2693 0x0000023330b2ab90 code [0x0000023330b2ad80, 0x0000023330b2baa8]
Event: 2.280 Thread 0x000002333beb8ae0 2699       3       org.objectweb.asm.SymbolTable$Entry::<init> (17 bytes)
Event: 2.280 Thread 0x000002333beb8ae0 nmethod 2699 0x0000023329a27a90 code [0x0000023329a27c40, 0x0000023329a27dc8]
Event: 2.280 Thread 0x000002333beb8ae0 2700       3       org.objectweb.asm.SymbolTable::hash (7 bytes)
Event: 2.280 Thread 0x000002333beb8ae0 nmethod 2700 0x0000023329a27e90 code [0x0000023329a28020, 0x0000023329a28118]
Event: 2.280 Thread 0x000002333beb8ae0 2702       3       org.objectweb.asm.SymbolTable::addConstant (330 bytes)
Event: 2.282 Thread 0x000002333beb8ae0 nmethod 2702 0x0000023329a28190 code [0x0000023329a28740, 0x0000023329a2b8b8]
Event: 2.282 Thread 0x000002333beb8ae0 2703       3       org.objectweb.asm.ByteVector::putInt (74 bytes)
Event: 2.282 Thread 0x000002333beb8ae0 nmethod 2703 0x0000023329a2c390 code [0x0000023329a2c540, 0x0000023329a2c7a8]
Event: 2.282 Thread 0x000002333beb8ae0 2701       1       lombok.patcher.scripts.AddFieldScript::access$0 (5 bytes)
Event: 2.283 Thread 0x000002333beb8ae0 nmethod 2701 0x0000023330b2c290 code [0x0000023330b2c420, 0x0000023330b2c4d8]

GC Heap History (12 events):
Event: 0.793 GC heap before
{Heap before GC invocations=1 (full 0):
 PSYoungGen      total 29696K, used 25600K [0x00000000eab00000, 0x00000000ecc00000, 0x0000000100000000)
  eden space 25600K, 100% used [0x00000000eab00000,0x00000000ec400000,0x00000000ec400000)
  from space 4096K, 0% used [0x00000000ec800000,0x00000000ec800000,0x00000000ecc00000)
  to   space 4096K, 0% used [0x00000000ec400000,0x00000000ec400000,0x00000000ec800000)
 ParOldGen       total 68608K, used 0K [0x00000000c0000000, 0x00000000c4300000, 0x00000000eab00000)
  object space 68608K, 0% used [0x00000000c0000000,0x00000000c0000000,0x00000000c4300000)
 Metaspace       used 10764K, committed 10944K, reserved 1064960K
  class space    used 1082K, committed 1152K, reserved 1048576K
}
Event: 0.801 GC heap after
{Heap after GC invocations=1 (full 0):
 PSYoungGen      total 29696K, used 3304K [0x00000000eab00000, 0x00000000ecc00000, 0x0000000100000000)
  eden space 25600K, 0% used [0x00000000eab00000,0x00000000eab00000,0x00000000ec400000)
  from space 4096K, 80% used [0x00000000ec400000,0x00000000ec73a208,0x00000000ec800000)
  to   space 4096K, 0% used [0x00000000ec800000,0x00000000ec800000,0x00000000ecc00000)
 ParOldGen       total 68608K, used 16K [0x00000000c0000000, 0x00000000c4300000, 0x00000000eab00000)
  object space 68608K, 0% used [0x00000000c0000000,0x00000000c0004000,0x00000000c4300000)
 Metaspace       used 10764K, committed 10944K, reserved 1064960K
  class space    used 1082K, committed 1152K, reserved 1048576K
}
Event: 1.307 GC heap before
{Heap before GC invocations=2 (full 0):
 PSYoungGen      total 29696K, used 28904K [0x00000000eab00000, 0x00000000ecc00000, 0x0000000100000000)
  eden space 25600K, 100% used [0x00000000eab00000,0x00000000ec400000,0x00000000ec400000)
  from space 4096K, 80% used [0x00000000ec400000,0x00000000ec73a208,0x00000000ec800000)
  to   space 4096K, 0% used [0x00000000ec800000,0x00000000ec800000,0x00000000ecc00000)
 ParOldGen       total 68608K, used 16K [0x00000000c0000000, 0x00000000c4300000, 0x00000000eab00000)
  object space 68608K, 0% used [0x00000000c0000000,0x00000000c0004000,0x00000000c4300000)
 Metaspace       used 14800K, committed 15104K, reserved 1064960K
  class space    used 1509K, committed 1664K, reserved 1048576K
}
Event: 1.313 GC heap after
{Heap after GC invocations=2 (full 0):
 PSYoungGen      total 29696K, used 4087K [0x00000000eab00000, 0x00000000ecc00000, 0x0000000100000000)
  eden space 25600K, 0% used [0x00000000eab00000,0x00000000eab00000,0x00000000ec400000)
  from space 4096K, 99% used [0x00000000ec800000,0x00000000ecbfded0,0x00000000ecc00000)
  to   space 4096K, 0% used [0x00000000ec400000,0x00000000ec400000,0x00000000ec800000)
 ParOldGen       total 68608K, used 1403K [0x00000000c0000000, 0x00000000c4300000, 0x00000000eab00000)
  object space 68608K, 2% used [0x00000000c0000000,0x00000000c015eee0,0x00000000c4300000)
 Metaspace       used 14800K, committed 15104K, reserved 1064960K
  class space    used 1509K, committed 1664K, reserved 1048576K
}
Event: 1.697 GC heap before
{Heap before GC invocations=3 (full 0):
 PSYoungGen      total 29696K, used 29687K [0x00000000eab00000, 0x00000000ecc00000, 0x0000000100000000)
  eden space 25600K, 100% used [0x00000000eab00000,0x00000000ec400000,0x00000000ec400000)
  from space 4096K, 99% used [0x00000000ec800000,0x00000000ecbfded0,0x00000000ecc00000)
  to   space 4096K, 0% used [0x00000000ec400000,0x00000000ec400000,0x00000000ec800000)
 ParOldGen       total 68608K, used 1403K [0x00000000c0000000, 0x00000000c4300000, 0x00000000eab00000)
  object space 68608K, 2% used [0x00000000c0000000,0x00000000c015eee0,0x00000000c4300000)
 Metaspace       used 19697K, committed 20032K, reserved 1073152K
  class space    used 2003K, committed 2176K, reserved 1048576K
}
Event: 1.701 GC heap after
{Heap after GC invocations=3 (full 0):
 PSYoungGen      total 29696K, used 4080K [0x00000000eab00000, 0x00000000ecc00000, 0x0000000100000000)
  eden space 25600K, 0% used [0x00000000eab00000,0x00000000eab00000,0x00000000ec400000)
  from space 4096K, 99% used [0x00000000ec400000,0x00000000ec7fc1f8,0x00000000ec800000)
  to   space 4096K, 0% used [0x00000000ec800000,0x00000000ec800000,0x00000000ecc00000)
 ParOldGen       total 68608K, used 3732K [0x00000000c0000000, 0x00000000c4300000, 0x00000000eab00000)
  object space 68608K, 5% used [0x00000000c0000000,0x00000000c03a5230,0x00000000c4300000)
 Metaspace       used 19697K, committed 20032K, reserved 1073152K
  class space    used 2003K, committed 2176K, reserved 1048576K
}
Event: 1.912 GC heap before
{Heap before GC invocations=4 (full 0):
 PSYoungGen      total 29696K, used 14119K [0x00000000eab00000, 0x00000000ecc00000, 0x0000000100000000)
  eden space 25600K, 39% used [0x00000000eab00000,0x00000000eb4cddf8,0x00000000ec400000)
  from space 4096K, 99% used [0x00000000ec400000,0x00000000ec7fc1f8,0x00000000ec800000)
  to   space 4096K, 0% used [0x00000000ec800000,0x00000000ec800000,0x00000000ecc00000)
 ParOldGen       total 68608K, used 3732K [0x00000000c0000000, 0x00000000c4300000, 0x00000000eab00000)
  object space 68608K, 5% used [0x00000000c0000000,0x00000000c03a5230,0x00000000c4300000)
 Metaspace       used 20998K, committed 21504K, reserved 1073152K
  class space    used 2137K, committed 2368K, reserved 1048576K
}
Event: 1.916 GC heap after
{Heap after GC invocations=4 (full 0):
 PSYoungGen      total 29696K, used 4088K [0x00000000eab00000, 0x00000000ecc00000, 0x0000000100000000)
  eden space 25600K, 0% used [0x00000000eab00000,0x00000000eab00000,0x00000000ec400000)
  from space 4096K, 99% used [0x00000000ec800000,0x00000000ecbfe3a8,0x00000000ecc00000)
  to   space 4096K, 0% used [0x00000000ec400000,0x00000000ec400000,0x00000000ec800000)
 ParOldGen       total 68608K, used 4844K [0x00000000c0000000, 0x00000000c4300000, 0x00000000eab00000)
  object space 68608K, 7% used [0x00000000c0000000,0x00000000c04bb260,0x00000000c4300000)
 Metaspace       used 20998K, committed 21504K, reserved 1073152K
  class space    used 2137K, committed 2368K, reserved 1048576K
}
Event: 1.916 GC heap before
{Heap before GC invocations=5 (full 1):
 PSYoungGen      total 29696K, used 4088K [0x00000000eab00000, 0x00000000ecc00000, 0x0000000100000000)
  eden space 25600K, 0% used [0x00000000eab00000,0x00000000eab00000,0x00000000ec400000)
  from space 4096K, 99% used [0x00000000ec800000,0x00000000ecbfe3a8,0x00000000ecc00000)
  to   space 4096K, 0% used [0x00000000ec400000,0x00000000ec400000,0x00000000ec800000)
 ParOldGen       total 68608K, used 4844K [0x00000000c0000000, 0x00000000c4300000, 0x00000000eab00000)
  object space 68608K, 7% used [0x00000000c0000000,0x00000000c04bb260,0x00000000c4300000)
 Metaspace       used 20998K, committed 21504K, reserved 1073152K
  class space    used 2137K, committed 2368K, reserved 1048576K
}
Event: 1.937 GC heap after
{Heap after GC invocations=5 (full 1):
 PSYoungGen      total 29696K, used 0K [0x00000000eab00000, 0x00000000ecc00000, 0x0000000100000000)
  eden space 25600K, 0% used [0x00000000eab00000,0x00000000eab00000,0x00000000ec400000)
  from space 4096K, 0% used [0x00000000ec800000,0x00000000ec800000,0x00000000ecc00000)
  to   space 4096K, 0% used [0x00000000ec400000,0x00000000ec400000,0x00000000ec800000)
 ParOldGen       total 68608K, used 8724K [0x00000000c0000000, 0x00000000c4300000, 0x00000000eab00000)
  object space 68608K, 12% used [0x00000000c0000000,0x00000000c0885358,0x00000000c4300000)
 Metaspace       used 20985K, committed 21504K, reserved 1073152K
  class space    used 2133K, committed 2368K, reserved 1048576K
}
Event: 2.228 GC heap before
{Heap before GC invocations=6 (full 1):
 PSYoungGen      total 29696K, used 25600K [0x00000000eab00000, 0x00000000ecc00000, 0x0000000100000000)
  eden space 25600K, 100% used [0x00000000eab00000,0x00000000ec400000,0x00000000ec400000)
  from space 4096K, 0% used [0x00000000ec800000,0x00000000ec800000,0x00000000ecc00000)
  to   space 4096K, 0% used [0x00000000ec400000,0x00000000ec400000,0x00000000ec800000)
 ParOldGen       total 68608K, used 8724K [0x00000000c0000000, 0x00000000c4300000, 0x00000000eab00000)
  object space 68608K, 12% used [0x00000000c0000000,0x00000000c0885358,0x00000000c4300000)
 Metaspace       used 24301K, committed 24768K, reserved 1073152K
  class space    used 2478K, committed 2688K, reserved 1048576K
}
Event: 2.229 GC heap after
{Heap after GC invocations=6 (full 1):
 PSYoungGen      total 29184K, used 3942K [0x00000000eab00000, 0x00000000ecc80000, 0x0000000100000000)
  eden space 25088K, 0% used [0x00000000eab00000,0x00000000eab00000,0x00000000ec380000)
  from space 4096K, 96% used [0x00000000ec400000,0x00000000ec7d98a8,0x00000000ec800000)
  to   space 4608K, 0% used [0x00000000ec800000,0x00000000ec800000,0x00000000ecc80000)
 ParOldGen       total 68608K, used 8732K [0x00000000c0000000, 0x00000000c4300000, 0x00000000eab00000)
  object space 68608K, 12% used [0x00000000c0000000,0x00000000c0887358,0x00000000c4300000)
 Metaspace       used 24301K, committed 24768K, reserved 1073152K
  class space    used 2478K, committed 2688K, reserved 1048576K
}

Deoptimization events (20 events):
Event: 2.083 Thread 0x000002333d6dd5b0 Uncommon trap: trap_request=0xffffffc6 fr.pc=0x0000023330ae3b50 relative=0x0000000000000d70
Event: 2.083 Thread 0x000002333d6dd5b0 Uncommon trap: reason=bimorphic_or_optimized_type_check action=maybe_recompile pc=0x0000023330ae3b50 method=java.io.FilterInputStream.read([BII)I @ 7 c2
Event: 2.083 Thread 0x000002333d6dd5b0 DEOPT PACKING pc=0x0000023330ae3b50 sp=0x000000694acf21d0
Event: 2.083 Thread 0x000002333d6dd5b0 DEOPT UNPACKING pc=0x0000023328f920a3 sp=0x000000694acf21b8 mode 2
Event: 2.083 Thread 0x000002333d6dd5b0 Uncommon trap: trap_request=0xffffffc6 fr.pc=0x0000023330ae3b50 relative=0x0000000000000d70
Event: 2.083 Thread 0x000002333d6dd5b0 Uncommon trap: reason=bimorphic_or_optimized_type_check action=maybe_recompile pc=0x0000023330ae3b50 method=java.io.FilterInputStream.read([BII)I @ 7 c2
Event: 2.083 Thread 0x000002333d6dd5b0 DEOPT PACKING pc=0x0000023330ae3b50 sp=0x000000694acf21d0
Event: 2.083 Thread 0x000002333d6dd5b0 DEOPT UNPACKING pc=0x0000023328f920a3 sp=0x000000694acf21b8 mode 2
Event: 2.084 Thread 0x000002333d6dd5b0 Uncommon trap: trap_request=0xffffffc6 fr.pc=0x0000023330ae3b50 relative=0x0000000000000d70
Event: 2.084 Thread 0x000002333d6dd5b0 Uncommon trap: reason=bimorphic_or_optimized_type_check action=maybe_recompile pc=0x0000023330ae3b50 method=java.io.FilterInputStream.read([BII)I @ 7 c2
Event: 2.084 Thread 0x000002333d6dd5b0 DEOPT PACKING pc=0x0000023330ae3b50 sp=0x000000694acf21d0
Event: 2.084 Thread 0x000002333d6dd5b0 DEOPT UNPACKING pc=0x0000023328f920a3 sp=0x000000694acf21b8 mode 2
Event: 2.084 Thread 0x000002333d6dd5b0 Uncommon trap: trap_request=0xffffffc6 fr.pc=0x0000023330ae3b50 relative=0x0000000000000d70
Event: 2.084 Thread 0x000002333d6dd5b0 Uncommon trap: reason=bimorphic_or_optimized_type_check action=maybe_recompile pc=0x0000023330ae3b50 method=java.io.FilterInputStream.read([BII)I @ 7 c2
Event: 2.084 Thread 0x000002333d6dd5b0 DEOPT PACKING pc=0x0000023330ae3b50 sp=0x000000694acf21d0
Event: 2.084 Thread 0x000002333d6dd5b0 DEOPT UNPACKING pc=0x0000023328f920a3 sp=0x000000694acf21b8 mode 2
Event: 2.177 Thread 0x000002333e785580 DEOPT PACKING pc=0x00000233297db894 sp=0x000000694b4fe7d0
Event: 2.177 Thread 0x000002333e785580 DEOPT UNPACKING pc=0x0000023328f92843 sp=0x000000694b4fdd28 mode 0
Event: 2.177 Thread 0x000002333d6dd5b0 DEOPT PACKING pc=0x00000233297db894 sp=0x000000694acfab10
Event: 2.177 Thread 0x000002333d6dd5b0 DEOPT UNPACKING pc=0x0000023328f92843 sp=0x000000694acfa068 mode 0

Classes unloaded (7 events):
Event: 1.919 Thread 0x000002333be71810 Unloading class 0x0000000100218800 'java/lang/invoke/LambdaForm$MH+0x0000000100218800'
Event: 1.919 Thread 0x000002333be71810 Unloading class 0x0000000100218400 'java/lang/invoke/LambdaForm$MH+0x0000000100218400'
Event: 1.919 Thread 0x000002333be71810 Unloading class 0x0000000100218000 'java/lang/invoke/LambdaForm$MH+0x0000000100218000'
Event: 1.919 Thread 0x000002333be71810 Unloading class 0x0000000100217800 'java/lang/invoke/LambdaForm$MH+0x0000000100217800'
Event: 1.919 Thread 0x000002333be71810 Unloading class 0x0000000100217400 'java/lang/invoke/LambdaForm$BMH+0x0000000100217400'
Event: 1.919 Thread 0x000002333be71810 Unloading class 0x0000000100217000 'java/lang/invoke/LambdaForm$DMH+0x0000000100217000'
Event: 1.919 Thread 0x000002333be71810 Unloading class 0x0000000100214400 'java/lang/invoke/LambdaForm$DMH+0x0000000100214400'

Classes redefined (0 events):
No events

Internal exceptions (20 events):
Event: 1.235 Thread 0x000002333d6dd5b0 Exception <a 'java/lang/NoSuchMethodError'{0x00000000ec007730}: 'java.lang.Object java.lang.invoke.DirectMethodHandle$Holder.invokeStaticInit(java.lang.Object)'> (0x00000000ec007730) 
thrown [s\src\hotspot\share\interpreter\linkResolver.cpp, line 759]
Event: 1.402 Thread 0x000002333d6dd5b0 Exception <a 'java/io/FileNotFoundException'{0x00000000eb2ec2d0}> (0x00000000eb2ec2d0) 
thrown [s\src\hotspot\share\prims\jni.cpp, line 516]
Event: 1.408 Thread 0x000002333d6dd5b0 Exception <a 'java/lang/NullPointerException'{0x00000000eb342388}> (0x00000000eb342388) 
thrown [s\src\hotspot\share\interpreter\linkResolver.cpp, line 1350]
Event: 1.408 Thread 0x000002333d6dd5b0 Exception <a 'java/lang/NullPointerException'{0x00000000eb342bb0}> (0x00000000eb342bb0) 
thrown [s\src\hotspot\share\interpreter\linkResolver.cpp, line 1350]
Event: 1.572 Thread 0x000002333d6dd5b0 Exception <a 'java/lang/NoSuchMethodError'{0x00000000ebcaa470}: 'void java.lang.invoke.DirectMethodHandle$Holder.invokeInterface(java.lang.Object, java.lang.Object, java.lang.Object)'> (0x00000000ebcaa470) 
thrown [s\src\hotspot\share\interpreter\linkResolver.cpp, line 759]
Event: 1.626 Thread 0x000002333d6dd5b0 Exception <a 'java/lang/NoSuchMethodError'{0x00000000ebfd11b8}: 'java.lang.Object java.lang.invoke.Invokers$Holder.invokeExact_MT(java.lang.Object, java.lang.Object, java.lang.Object, java.lang.Object, java.lang.Object, java.lang.Object)'> (0x00000000ebfd11b8) 
thrown [s\src\hotspot\share\interpreter\linkResolver.cpp, line 759]
Event: 1.638 Thread 0x000002333d6dd5b0 Exception <a 'java/lang/NoSuchMethodError'{0x00000000ec0bb358}: 'java.lang.Object java.lang.invoke.DirectMethodHandle$Holder.invokeStatic(java.lang.Object, java.lang.Object, int)'> (0x00000000ec0bb358) 
thrown [s\src\hotspot\share\interpreter\linkResolver.cpp, line 759]
Event: 1.638 Thread 0x000002333d6dd5b0 Exception <a 'java/lang/NoSuchMethodError'{0x00000000ec0bff08}: 'void java.lang.invoke.DirectMethodHandle$Holder.invokeStatic(java.lang.Object, java.lang.Object, int, java.lang.Object)'> (0x00000000ec0bff08) 
thrown [s\src\hotspot\share\interpreter\linkResolver.cpp, line 759]
Event: 1.639 Thread 0x000002333d6dd5b0 Exception <a 'java/lang/NoSuchMethodError'{0x00000000ec0c7638}: 'void java.lang.invoke.DelegatingMethodHandle$Holder.delegate(java.lang.Object, java.lang.Object, int, java.lang.Object)'> (0x00000000ec0c7638) 
thrown [s\src\hotspot\share\interpreter\linkResolver.cpp, line 759]
Event: 1.639 Thread 0x000002333d6dd5b0 Exception <a 'java/lang/NoSuchMethodError'{0x00000000ec0cba20}: 'int java.lang.invoke.DirectMethodHandle$Holder.invokeSpecial(java.lang.Object, java.lang.Object, java.lang.Object)'> (0x00000000ec0cba20) 
thrown [s\src\hotspot\share\interpreter\linkResolver.cpp, line 759]
Event: 1.640 Thread 0x000002333d6dd5b0 Exception <a 'java/lang/NoSuchMethodError'{0x00000000ec0dd7c0}: 'int java.lang.invoke.DirectMethodHandle$Holder.invokeStatic(java.lang.Object, java.lang.Object, int)'> (0x00000000ec0dd7c0) 
thrown [s\src\hotspot\share\interpreter\linkResolver.cpp, line 759]
Event: 1.640 Thread 0x000002333d6dd5b0 Exception <a 'java/lang/NoSuchMethodError'{0x00000000ec0e17e8}: 'int java.lang.invoke.DirectMethodHandle$Holder.invokeSpecial(java.lang.Object, java.lang.Object, java.lang.Object, int)'> (0x00000000ec0e17e8) 
thrown [s\src\hotspot\share\interpreter\linkResolver.cpp, line 759]
Event: 1.641 Thread 0x000002333d6dd5b0 Exception <a 'java/lang/NoSuchMethodError'{0x00000000ec0fd288}: 'java.lang.Object java.lang.invoke.DirectMethodHandle$Holder.invokeStatic(java.lang.Object, java.lang.Object, java.lang.Object, java.lang.Object, int)'> (0x00000000ec0fd288) 
thrown [s\src\hotspot\share\interpreter\linkResolver.cpp, line 759]
Event: 1.642 Thread 0x000002333d6dd5b0 Exception <a 'java/lang/NoSuchMethodError'{0x00000000ec109860}: 'java.lang.Object java.lang.invoke.DelegatingMethodHandle$Holder.reinvoke_L(java.lang.Object, java.lang.Object, java.lang.Object, java.lang.Object, int, int)'> (0x00000000ec109860) 
thrown [s\src\hotspot\share\interpreter\linkResolver.cpp, line 759]
Event: 1.645 Thread 0x000002333d6dd5b0 Exception <a 'java/lang/NoSuchMethodError'{0x00000000ec121620}: 'java.lang.Object java.lang.invoke.Invokers$Holder.invokeExact_MT(java.lang.Object, java.lang.Object, java.lang.Object, java.lang.Object)'> (0x00000000ec121620) 
thrown [s\src\hotspot\share\interpreter\linkResolver.cpp, line 759]
Event: 1.890 Thread 0x000002333d6dd5b0 Exception <a 'java/lang/NoSuchMethodError'{0x00000000eb343b08}: 'int java.lang.invoke.DirectMethodHandle$Holder.invokeStaticInit(java.lang.Object, java.lang.Object, java.lang.Object)'> (0x00000000eb343b08) 
thrown [s\src\hotspot\share\interpreter\linkResolver.cpp, line 759]
Event: 1.896 Thread 0x000002333d6dd5b0 Exception <a 'java/lang/IncompatibleClassChangeError'{0x00000000eb3aa678}: Found class java.lang.Object, but interface was expected> (0x00000000eb3aa678) 
thrown [s\src\hotspot\share\interpreter\linkResolver.cpp, line 826]
Event: 2.088 Thread 0x000002333d6dd5b0 Exception <a 'java/io/FileNotFoundException'{0x00000000eb4ac268}> (0x00000000eb4ac268) 
thrown [s\src\hotspot\share\prims\jni.cpp, line 516]
Event: 2.142 Thread 0x000002333d6dd5b0 Exception <a 'java/lang/NoSuchMethodError'{0x00000000eb96b528}: 'void java.lang.invoke.DirectMethodHandle$Holder.invokeSpecial(java.lang.Object, java.lang.Object, java.lang.Object, int)'> (0x00000000eb96b528) 
thrown [s\src\hotspot\share\interpreter\linkResolver.cpp, line 759]
Event: 2.179 Thread 0x000002333e785580 Exception <a 'java/io/FileNotFoundException'{0x00000000ebcb9e30}> (0x00000000ebcb9e30) 
thrown [s\src\hotspot\share\prims\jni.cpp, line 516]

VM Operations (20 events):
Event: 1.551 Executing VM operation: HandshakeAllThreads
Event: 1.551 Executing VM operation: HandshakeAllThreads done
Event: 1.553 Executing VM operation: HandshakeAllThreads
Event: 1.553 Executing VM operation: HandshakeAllThreads done
Event: 1.637 Executing VM operation: HandshakeAllThreads
Event: 1.638 Executing VM operation: HandshakeAllThreads done
Event: 1.697 Executing VM operation: ParallelGCFailedAllocation
Event: 1.702 Executing VM operation: ParallelGCFailedAllocation done
Event: 1.912 Executing VM operation: CollectForMetadataAllocation
Event: 1.937 Executing VM operation: CollectForMetadataAllocation done
Event: 1.938 Executing VM operation: HandshakeAllThreads
Event: 1.938 Executing VM operation: HandshakeAllThreads done
Event: 2.091 Executing VM operation: HandshakeAllThreads
Event: 2.091 Executing VM operation: HandshakeAllThreads done
Event: 2.138 Executing VM operation: HandshakeAllThreads
Event: 2.138 Executing VM operation: HandshakeAllThreads done
Event: 2.139 Executing VM operation: HandshakeAllThreads
Event: 2.139 Executing VM operation: HandshakeAllThreads done
Event: 2.228 Executing VM operation: ParallelGCFailedAllocation
Event: 2.229 Executing VM operation: ParallelGCFailedAllocation done

Events (20 events):
Event: 2.184 loading class java/net/Authenticator
Event: 2.184 loading class java/net/Authenticator done
Event: 2.196 loading class java/util/zip/GZIPOutputStream
Event: 2.196 loading class java/util/zip/DeflaterOutputStream
Event: 2.196 loading class java/util/zip/DeflaterOutputStream done
Event: 2.197 loading class java/util/zip/GZIPOutputStream done
Event: 2.200 loading class java/util/zip/GZIPInputStream
Event: 2.200 loading class java/util/zip/GZIPInputStream done
Event: 2.208 loading class java/net/SocketTimeoutException
Event: 2.208 loading class java/io/InterruptedIOException
Event: 2.208 loading class java/io/InterruptedIOException done
Event: 2.208 loading class java/net/SocketTimeoutException done
Event: 2.208 loading class java/net/SocketException
Event: 2.208 loading class java/net/SocketException done
Event: 2.209 loading class java/net/UnknownHostException
Event: 2.209 loading class java/net/UnknownHostException done
Event: 2.209 loading class java/net/ProtocolException
Event: 2.209 loading class java/net/ProtocolException done
Event: 2.249 loading class java/lang/NegativeArraySizeException
Event: 2.249 loading class java/lang/NegativeArraySizeException done


Dynamic libraries:
0x00007ff6ff510000 - 0x00007ff6ff51e000 	c:\Users\Ahmed\.vscode\extensions\redhat.java-1.12.0-win32-x64\jre\17.0.4.1-win32-x86_64\bin\java.exe
0x00007ffdbbe70000 - 0x00007ffdbc068000 	C:\WINDOWS\SYSTEM32\ntdll.dll
0x00007ffdbaaf0000 - 0x00007ffdbabaf000 	C:\WINDOWS\System32\KERNEL32.DLL
0x00007ffdb9b80000 - 0x00007ffdb9e52000 	C:\WINDOWS\System32\KERNELBASE.dll
0x00007ffdb96c0000 - 0x00007ffdb97c0000 	C:\WINDOWS\System32\ucrtbase.dll
0x00007ffdb17d0000 - 0x00007ffdb17e8000 	c:\Users\Ahmed\.vscode\extensions\redhat.java-1.12.0-win32-x64\jre\17.0.4.1-win32-x86_64\bin\jli.dll
0x00007ffdb17b0000 - 0x00007ffdb17c9000 	c:\Users\Ahmed\.vscode\extensions\redhat.java-1.12.0-win32-x64\jre\17.0.4.1-win32-x86_64\bin\VCRUNTIME140.dll
0x00007ffdba7a0000 - 0x00007ffdba941000 	C:\WINDOWS\System32\USER32.dll
0x00007ffda5090000 - 0x00007ffda532a000 	C:\WINDOWS\WinSxS\amd64_microsoft.windows.common-controls_6595b64144ccf1df_6.0.19041.1110_none_60b5254171f9507e\COMCTL32.dll
0x00007ffdb9ab0000 - 0x00007ffdb9ad2000 	C:\WINDOWS\System32\win32u.dll
0x00007ffdbbde0000 - 0x00007ffdbbe0b000 	C:\WINDOWS\System32\GDI32.dll
0x00007ffdba700000 - 0x00007ffdba79e000 	C:\WINDOWS\System32\msvcrt.dll
0x00007ffdb97c0000 - 0x00007ffdb98cf000 	C:\WINDOWS\System32\gdi32full.dll
0x00007ffdb98d0000 - 0x00007ffdb996d000 	C:\WINDOWS\System32\msvcp_win.dll
0x00007ffdba400000 - 0x00007ffdba432000 	C:\WINDOWS\System32\IMM32.DLL
0x00007ffdb3230000 - 0x00007ffdb323c000 	c:\Users\Ahmed\.vscode\extensions\redhat.java-1.12.0-win32-x64\jre\17.0.4.1-win32-x86_64\bin\vcruntime140_1.dll
0x00007ffd76590000 - 0x00007ffd76621000 	c:\Users\Ahmed\.vscode\extensions\redhat.java-1.12.0-win32-x64\jre\17.0.4.1-win32-x86_64\bin\msvcp140.dll
0x00007ffd68b40000 - 0x00007ffd69786000 	c:\Users\Ahmed\.vscode\extensions\redhat.java-1.12.0-win32-x64\jre\17.0.4.1-win32-x86_64\bin\server\jvm.dll
0x00007ffdbac10000 - 0x00007ffdbacbe000 	C:\WINDOWS\System32\ADVAPI32.dll
0x00007ffdbaef0000 - 0x00007ffdbaf8c000 	C:\WINDOWS\System32\sechost.dll
0x00007ffdbad50000 - 0x00007ffdbae75000 	C:\WINDOWS\System32\RPCRT4.dll
0x00007ffdba510000 - 0x00007ffdba518000 	C:\WINDOWS\System32\PSAPI.DLL
0x00007ffd98520000 - 0x00007ffd98529000 	C:\WINDOWS\SYSTEM32\WSOCK32.dll
0x00007ffda3610000 - 0x00007ffda3637000 	C:\WINDOWS\SYSTEM32\WINMM.dll
0x00007ffdb1160000 - 0x00007ffdb116a000 	C:\WINDOWS\SYSTEM32\VERSION.dll
0x00007ffdbae80000 - 0x00007ffdbaeeb000 	C:\WINDOWS\System32\WS2_32.dll
0x00007ffdb7db0000 - 0x00007ffdb7dc2000 	C:\WINDOWS\SYSTEM32\kernel.appcore.dll
0x00007ffdb31f0000 - 0x00007ffdb31fa000 	c:\Users\Ahmed\.vscode\extensions\redhat.java-1.12.0-win32-x64\jre\17.0.4.1-win32-x86_64\bin\jimage.dll
0x00007ffdb7330000 - 0x00007ffdb7514000 	C:\WINDOWS\SYSTEM32\DBGHELP.DLL
0x00007ffda1ed0000 - 0x00007ffda1f05000 	C:\WINDOWS\SYSTEM32\dbgcore.DLL
0x00007ffdb9970000 - 0x00007ffdb99f2000 	C:\WINDOWS\System32\bcryptPrimitives.dll
0x00007ffdb2b40000 - 0x00007ffdb2b4e000 	c:\Users\Ahmed\.vscode\extensions\redhat.java-1.12.0-win32-x64\jre\17.0.4.1-win32-x86_64\bin\instrument.dll
0x00007ffdaf720000 - 0x00007ffdaf745000 	c:\Users\Ahmed\.vscode\extensions\redhat.java-1.12.0-win32-x64\jre\17.0.4.1-win32-x86_64\bin\java.dll
0x00007ffdaf700000 - 0x00007ffdaf718000 	c:\Users\Ahmed\.vscode\extensions\redhat.java-1.12.0-win32-x64\jre\17.0.4.1-win32-x86_64\bin\zip.dll
0x00007ffdbb4e0000 - 0x00007ffdbbc24000 	C:\WINDOWS\System32\SHELL32.dll
0x00007ffdb7600000 - 0x00007ffdb7d92000 	C:\WINDOWS\SYSTEM32\windows.storage.dll
0x00007ffdbb000000 - 0x00007ffdbb355000 	C:\WINDOWS\System32\combase.dll
0x00007ffdb8fc0000 - 0x00007ffdb8ff0000 	C:\WINDOWS\SYSTEM32\Wldp.dll
0x00007ffdba520000 - 0x00007ffdba5cd000 	C:\WINDOWS\System32\SHCORE.dll
0x00007ffdbb360000 - 0x00007ffdbb3b5000 	C:\WINDOWS\System32\shlwapi.dll
0x00007ffdb94a0000 - 0x00007ffdb94bf000 	C:\WINDOWS\SYSTEM32\profapi.dll
0x00007ffda4dc0000 - 0x00007ffda4dd9000 	C:\Users\Ahmed\.vscode\extensions\redhat.java-1.12.0-win32-x64\jre\17.0.4.1-win32-x86_64\bin\net.dll
0x00007ffdb26b0000 - 0x00007ffdb27bc000 	C:\WINDOWS\SYSTEM32\WINHTTP.dll
0x00007ffdb8d20000 - 0x00007ffdb8d8a000 	C:\WINDOWS\system32\mswsock.dll
0x00007ffda2c50000 - 0x00007ffda2c65000 	C:\Users\Ahmed\.vscode\extensions\redhat.java-1.12.0-win32-x64\jre\17.0.4.1-win32-x86_64\bin\nio.dll
0x00007ffdb2ae0000 - 0x00007ffdb2af0000 	c:\Users\Ahmed\.vscode\extensions\redhat.java-1.12.0-win32-x64\jre\17.0.4.1-win32-x86_64\bin\verify.dll
0x00007ffda24e0000 - 0x00007ffda251e000 	C:\Users\Ahmed\AppData\Roaming\Code\User\globalStorage\redhat.java\1.12.0\config_win\org.eclipse.equinox.launcher\org.eclipse.equinox.launcher.win32.win32.x86_64_1.2.600.v20220720-1916\eclipse_11700.dll
0x00007ffdba5d0000 - 0x00007ffdba6fa000 	C:\WINDOWS\System32\ole32.dll

dbghelp: loaded successfully - version: 4.0.5 - missing functions: none
symbol engine: initialized successfully - sym options: 0x614 - pdb path: .;c:\Users\Ahmed\.vscode\extensions\redhat.java-1.12.0-win32-x64\jre\17.0.4.1-win32-x86_64\bin;C:\WINDOWS\SYSTEM32;C:\WINDOWS\WinSxS\amd64_microsoft.windows.common-controls_6595b64144ccf1df_6.0.19041.1110_none_60b5254171f9507e;c:\Users\Ahmed\.vscode\extensions\redhat.java-1.12.0-win32-x64\jre\17.0.4.1-win32-x86_64\bin\server;C:\Users\Ahmed\AppData\Roaming\Code\User\globalStorage\redhat.java\1.12.0\config_win\org.eclipse.equinox.launcher\org.eclipse.equinox.launcher.win32.win32.x86_64_1.2.600.v20220720-1916

VM Arguments:
jvm_args: --add-modules=ALL-SYSTEM --add-opens=java.base/java.util=ALL-UNNAMED --add-opens=java.base/java.lang=ALL-UNNAMED --add-opens=java.base/sun.nio.fs=ALL-UNNAMED -Declipse.application=org.eclipse.jdt.ls.core.id1 -Dosgi.bundles.defaultStartLevel=4 -Declipse.product=org.eclipse.jdt.ls.core.product -Djava.import.generatesMetadataFilesAtProjectRoot=false -Dfile.encoding=utf8 -XX:+UseParallelGC -XX:GCTimeRatio=4 -XX:AdaptiveSizePolicyWeight=90 -Dsun.zip.disableMemoryMapping=true -Xmx1G -Xms100m -Xlog:disable -javaagent:c:\Users\Ahmed\.vscode\extensions\redhat.java-1.12.0-win32-x64\lombok\lombok-1.18.24.jar -XX:+HeapDumpOnOutOfMemoryError -XX:HeapDumpPath=c:\Users\Ahmed\AppData\Roaming\Code\User\workspaceStorage\89fba2ed17bc31c87d946e02060d89f5\redhat.java 
java_command: c:\Users\Ahmed\.vscode\extensions\redhat.java-1.12.0-win32-x64\server\plugins\org.eclipse.equinox.launcher_1.6.400.v20210924-0641.jar -configuration c:\Users\Ahmed\AppData\Roaming\Code\User\globalStorage\redhat.java\1.12.0\config_win -data c:\Users\Ahmed\AppData\Roaming\Code\User\workspaceStorage\89fba2ed17bc31c87d946e02060d89f5\redhat.java\jdt_ws
java_class_path (initial): c:\Users\Ahmed\.vscode\extensions\redhat.java-1.12.0-win32-x64\server\plugins\org.eclipse.equinox.launcher_1.6.400.v20210924-0641.jar
Launcher Type: SUN_STANDARD

[Global flags]
    uintx AdaptiveSizePolicyWeight                 = 90                                        {product} {command line}
     intx CICompilerCount                          = 4                                         {product} {ergonomic}
    uintx GCTimeRatio                              = 4                                         {product} {command line}
     bool HeapDumpOnOutOfMemoryError               = true                                   {manageable} {command line}
    ccstr HeapDumpPath                             = c:\Users\Ahmed\AppData\Roaming\Code\User\workspaceStorage\89fba2ed17bc31c87d946e02060d89f5\redhat.java         {manageable} {command line}
   size_t InitialHeapSize                          = 104857600                                 {product} {command line}
   size_t MaxHeapSize                              = 1073741824                                {product} {command line}
   size_t MaxNewSize                               = 357564416                                 {product} {ergonomic}
   size_t MinHeapDeltaBytes                        = 524288                                    {product} {ergonomic}
   size_t MinHeapSize                              = 104857600                                 {product} {command line}
   size_t NewSize                                  = 34603008                                  {product} {ergonomic}
    uintx NonNMethodCodeHeapSize                   = 5839372                                {pd product} {ergonomic}
    uintx NonProfiledCodeHeapSize                  = 122909434                              {pd product} {ergonomic}
   size_t OldSize                                  = 70254592                                  {product} {ergonomic}
    uintx ProfiledCodeHeapSize                     = 122909434                              {pd product} {ergonomic}
    uintx ReservedCodeCacheSize                    = 251658240                              {pd product} {ergonomic}
     bool SegmentedCodeCache                       = true                                      {product} {ergonomic}
   size_t SoftMaxHeapSize                          = 1073741824                             {manageable} {ergonomic}
     bool UseCompressedClassPointers               = true                           {product lp64_product} {ergonomic}
     bool UseCompressedOops                        = true                           {product lp64_product} {ergonomic}
     bool UseLargePagesIndividualAllocation        = false                                  {pd product} {ergonomic}
     bool UseParallelGC                            = true                                      {product} {command line}

Logging:
Log output configuration:
 #0: stdout all=off uptime,level,tags
 #1: stderr all=off uptime,level,tags

Environment Variables:
JAVA_HOME=C:\Program Files\Java\jdk-14.0.1
PATH=C:\Program Files (x86)\VMware\VMware Player\bin\;C:\Windows\system32;C:\Windows;C:\Windows\System32\Wbem;C:\Windows\System32\WindowsPowerShell\v1.0\;C:\Windows\System32\OpenSSH\;C:\Program Files (x86)\NVIDIA Corporation\PhysX\Common;C:\Program Files\NVIDIA Corporation\NVIDIA NvDLISR;C:\Program Files\Git\cmd;C:\Program Files\Microsoft SQL Server\Client SDK\ODBC\170\Tools\Binn\;C:\Program Files (x86)\Microsoft SQL Server\150\Tools\Binn\;C:\Program Files\Microsoft SQL Server\150\Tools\Binn\;C:\Program Files\Microsoft SQL Server\150\DTS\Binn\;C:\Program Files (x86)\Microsoft SQL Server\150\DTS\Binn\;C:\Program Files\Azure Data Studio\bin;C:\Program Files\Microsoft SQL Server\130\Tools\Binn\;C:\Program Files (x86)\Microsoft SQL Server\110\DTS\Binn\;C:\Program Files (x86)\Microsoft SQL Server\120\DTS\Binn\;C:\Program Files (x86)\Microsoft SQL Server\130\DTS\Binn\;C:\Program Files (x86)\Microsoft SQL Server\140\DTS\Binn\;C:\Program Files (x86)\Microsoft SQL Server\160\DTS\Binn\;C:\Users\Ahmed\AppData\Local\Android\Sdk\platform-tools;D:\xampp\php;C:\ProgramData\ComposerSetup\bin;C:\Program Files\MongoDB\Tools\100\bin;C:\Program Files\PuTTY\;D:\Work\Vagrant\bin;C:\Users\Ahmed\AppData\Roaming\nvm;C:\Program Files\nodejs;C:\Users\Ahmed\AppData\Local\Yarn\bin;C:\Program Files\dotnet\;%SystemRoot%\system32;%SystemRoot%;%SystemRoot%\System32\Wbem;%SYSTEMROOT%\System32\WindowsPowerShell\v1.0\;%SYSTEMROOT%\System32\OpenSSH\;C:\Users\Ahmed\AppData\Local\Programs\Python\Python311\Scripts\;C:\Users\Ahmed\AppData\Local\Programs\Python\Python311\;C:\Users\Ahmed\AppData\Local\Microsoft\WindowsApps;C:\Users\Ahmed\AppData\Roaming\npm;C:\Users\Ahmed\AppData\Local\Programs\Microsoft VS Code\bin;C:\Program Files\Azure Data Studio\bin;C:\Users\Ahmed\AppData\Roaming\Composer\vendor\bin;D:\Work\IdeoFuzion\xampp\php;C:\Users\Ahmed\AppData\Roaming\nvm;C:\Program Files\nodejs;C:\Users\Ahmed\AppData\Local\Yarn\bin;C:\Users\Ahmed\.dotnet\tools;
USERNAME=Ahmed
OS=Windows_NT
PROCESSOR_IDENTIFIER=Intel64 Family 6 Model 158 Stepping 10, GenuineIntel
TMP=C:\Users\Ahmed\AppData\Local\Temp
TEMP=C:\Users\Ahmed\AppData\Local\Temp



---------------  S Y S T E M  ---------------

OS:
 Windows 10 , 64 bit Build 19041 (10.0.19041.2251)
OS uptime: 0 days 1:38 hours

CPU: total 12 (initial active 12) (6 cores per cpu, 2 threads per core) family 6 model 158 stepping 10 microcode 0xde, cx8, cmov, fxsr, ht, mmx, 3dnowpref, sse, sse2, sse3, ssse3, sse4.1, sse4.2, popcnt, lzcnt, tsc, tscinvbit, avx, avx2, aes, erms, clmul, bmi1, bmi2, adx, fma, vzeroupper, clflush, clflushopt

Memory: 4k page, system-wide physical 16272M (1042M free)
TotalPageFile size 20368M (AvailPageFile size 64M)
current process WorkingSet (physical memory assigned to process): 125M, peak: 125M
current process commit charge ("private bytes"): 238M, peak: 238M

vm_info: OpenJDK 64-Bit Server VM (17.0.4.1+1) for windows-amd64 JRE (17.0.4.1+1), built on Aug 17 2022 07:42:43 by "temurin" with MS VC++ 16.7 (VS2019)

END.
