#
# There is insufficient memory for the Java Runtime Environment to continue.
# Native memory allocation (malloc) failed to allocate 2641952 bytes for Chunk::new
# Possible reasons:
#   The system is out of physical RAM or swap space
#   The process is running with CompressedOops enabled, and the Java Heap may be blocking the growth of the native heap
# Possible solutions:
#   Reduce memory load on the system
#   Increase physical memory or swap space
#   Check if swap backing store is full
#   Decrease Java heap size (-Xmx/-Xms)
#   Decrease number of Java threads
#   Decrease Java thread stack sizes (-Xss)
#   Set larger code cache with -XX:ReservedCodeCacheSize=
#   JVM is running with Unscaled Compressed Oops mode in which the Java heap is
#     placed in the first 4GB address space. The Java Heap base address is the
#     maximum limit for the native heap growth. Please use -XX:HeapBaseMinAddress
#     to set the Java Heap base and to place the Java Heap above 4GB virtual address.
# This output file may be truncated or incomplete.
#
#  Out of Memory Error (arena.cpp:189), pid=10452, tid=3136
#
# JRE version: OpenJDK Runtime Environment Temurin-17.0.4.1+1 (17.0.4.1+1) (build 17.0.4.1+1)
# Java VM: OpenJDK 64-Bit Server VM Temurin-17.0.4.1+1 (17.0.4.1+1, mixed mode, tiered, compressed oops, compressed class ptrs, parallel gc, windows-amd64)
# No core dump will be written. Minidumps are not enabled by default on client versions of Windows
#

---------------  S U M M A R Y ------------

Command Line: --add-modules=ALL-SYSTEM --add-opens=java.base/java.util=ALL-UNNAMED --add-opens=java.base/java.lang=ALL-UNNAMED --add-opens=java.base/sun.nio.fs=ALL-UNNAMED -Declipse.application=org.eclipse.jdt.ls.core.id1 -Dosgi.bundles.defaultStartLevel=4 -Declipse.product=org.eclipse.jdt.ls.core.product -Djava.import.generatesMetadataFilesAtProjectRoot=false -Dfile.encoding=utf8 -XX:+UseParallelGC -XX:GCTimeRatio=4 -XX:AdaptiveSizePolicyWeight=90 -Dsun.zip.disableMemoryMapping=true -Xmx1G -Xms100m -Xlog:disable -javaagent:c:\Users\Ahmed\.vscode\extensions\redhat.java-1.12.0-win32-x64\lombok\lombok-1.18.24.jar c:\Users\Ahmed\.vscode\extensions\redhat.java-1.12.0-win32-x64\server\plugins\org.eclipse.equinox.launcher_1.6.400.v20210924-0641.jar -configuration c:\Users\Ahmed\AppData\Roaming\Code\User\globalStorage\redhat.java\1.12.0\config_ss_win -data c:\Users\Ahmed\AppData\Roaming\Code\User\workspaceStorage\89fba2ed17bc31c87d946e02060d89f5\redhat.java\ss_ws

Host: Intel(R) Core(TM) i7-8750H CPU @ 2.20GHz, 12 cores, 15G,  Windows 10 , 64 bit Build 19041 (10.0.19041.2251)
Time: Fri Nov 25 16:40:46 2022 Pakistan Standard Time elapsed time: 2.558302 seconds (0d 0h 0m 2s)

---------------  T H R E A D  ---------------

Current thread (0x0000022cf5ea4330):  JavaThread "C2 CompilerThread0" daemon [_thread_in_native, id=3136, stack(0x0000006ae3300000,0x0000006ae3400000)]


Current CompileTask:
C2:   2558 2249       4       org.objectweb.asm.ClassReader::readMethod (1066 bytes)

Stack: [0x0000006ae3300000,0x0000006ae3400000]
Native frames: (J=compiled Java code, j=interpreted, Vv=VM code, C=native code)
V  [jvm.dll+0x67731a]
V  [jvm.dll+0x832284]
V  [jvm.dll+0x833a2e]
V  [jvm.dll+0x834093]
V  [jvm.dll+0x245775]
V  [jvm.dll+0xabd7b]
V  [jvm.dll+0xac30c]
V  [jvm.dll+0x363a97]
V  [jvm.dll+0x1bbf38]
V  [jvm.dll+0x2187d9]
V  [jvm.dll+0x217aa1]
V  [jvm.dll+0x1a3f8d]
V  [jvm.dll+0x227498]
V  [jvm.dll+0x2255e5]
V  [jvm.dll+0x7e7e9b]
V  [jvm.dll+0x7e240a]
V  [jvm.dll+0x6761a5]
C  [ucrtbase.dll+0x21bb2]
C  [KERNEL32.DLL+0x174b4]
C  [ntdll.dll+0x526a1]


---------------  P R O C E S S  ---------------

Threads class SMR info:
_java_thread_list=0x0000022cf90d45f0, length=23, elements={
0x0000022ce02f1840, 0x0000022cf41883b0, 0x0000022cf5e74a10, 0x0000022cf41890d0,
0x0000022cf4189b90, 0x0000022cf418cd00, 0x0000022cf418dd60, 0x0000022cf5ea4330,
0x0000022cf5ea5480, 0x0000022cf5ea6560, 0x0000022ce03b0d10, 0x0000022cf6183920,
0x0000022cf73077c0, 0x0000022cf77c9e00, 0x0000022cf85e2960, 0x0000022cf85c46f0,
0x0000022cf866be90, 0x0000022cf85c09e0, 0x0000022cf8993730, 0x0000022cf88325d0,
0x0000022cf86ea3b0, 0x0000022cf8a80260, 0x0000022cf86ea880
}

Java Threads: ( => current thread )
  0x0000022ce02f1840 JavaThread "main" [_thread_blocked, id=4316, stack(0x0000006ae2a00000,0x0000006ae2b00000)]
  0x0000022cf41883b0 JavaThread "Reference Handler" daemon [_thread_blocked, id=604, stack(0x0000006ae2d00000,0x0000006ae2e00000)]
  0x0000022cf5e74a10 JavaThread "Finalizer" daemon [_thread_blocked, id=2632, stack(0x0000006ae2e00000,0x0000006ae2f00000)]
  0x0000022cf41890d0 JavaThread "Signal Dispatcher" daemon [_thread_blocked, id=7264, stack(0x0000006ae2f00000,0x0000006ae3000000)]
  0x0000022cf4189b90 JavaThread "Attach Listener" daemon [_thread_blocked, id=15452, stack(0x0000006ae3000000,0x0000006ae3100000)]
  0x0000022cf418cd00 JavaThread "Service Thread" daemon [_thread_blocked, id=14352, stack(0x0000006ae3100000,0x0000006ae3200000)]
  0x0000022cf418dd60 JavaThread "Monitor Deflation Thread" daemon [_thread_blocked, id=1560, stack(0x0000006ae3200000,0x0000006ae3300000)]
=>0x0000022cf5ea4330 JavaThread "C2 CompilerThread0" daemon [_thread_in_native, id=3136, stack(0x0000006ae3300000,0x0000006ae3400000)]
  0x0000022cf5ea5480 JavaThread "C1 CompilerThread0" daemon [_thread_blocked, id=7228, stack(0x0000006ae3400000,0x0000006ae3500000)]
  0x0000022cf5ea6560 JavaThread "Sweeper thread" daemon [_thread_blocked, id=7452, stack(0x0000006ae3500000,0x0000006ae3600000)]
  0x0000022ce03b0d10 JavaThread "Common-Cleaner" daemon [_thread_blocked, id=8320, stack(0x0000006ae3600000,0x0000006ae3700000)]
  0x0000022cf6183920 JavaThread "Notification Thread" daemon [_thread_blocked, id=5536, stack(0x0000006ae3700000,0x0000006ae3800000)]
  0x0000022cf73077c0 JavaThread "C2 CompilerThread1" daemon [_thread_blocked, id=12212, stack(0x0000006ae3900000,0x0000006ae3a00000)]
  0x0000022cf77c9e00 JavaThread "Active Thread: Equinox Container: f8d5180b-6d91-4779-afde-c0982ba7ca5b" [_thread_blocked, id=2040, stack(0x0000006ae4000000,0x0000006ae4100000)]
  0x0000022cf85e2960 JavaThread "Framework Event Dispatcher: Equinox Container: f8d5180b-6d91-4779-afde-c0982ba7ca5b" daemon [_thread_blocked, id=13436, stack(0x0000006ae4100000,0x0000006ae4200000)]
  0x0000022cf85c46f0 JavaThread "Start Level: Equinox Container: f8d5180b-6d91-4779-afde-c0982ba7ca5b" daemon [_thread_blocked, id=12336, stack(0x0000006ae4200000,0x0000006ae4300000)]
  0x0000022cf866be90 JavaThread "SCR Component Actor" daemon [_thread_blocked, id=15188, stack(0x0000006ae4300000,0x0000006ae4400000)]
  0x0000022cf85c09e0 JavaThread "SCR Component Registry" daemon [_thread_blocked, id=6888, stack(0x0000006ae4600000,0x0000006ae4700000)]
  0x0000022cf8993730 JavaThread "Worker-JM" [_thread_blocked, id=15216, stack(0x0000006ae3a00000,0x0000006ae3b00000)]
  0x0000022cf88325d0 JavaThread "Worker-0" [_thread_blocked, id=1440, stack(0x0000006ae4900000,0x0000006ae4a00000)]
  0x0000022cf86ea3b0 JavaThread "Worker-1" [_thread_blocked, id=7276, stack(0x0000006ae4a00000,0x0000006ae4b00000)]
  0x0000022cf8a80260 JavaThread "C2 CompilerThread2" daemon [_thread_blocked, id=12064, stack(0x0000006ae4b00000,0x0000006ae4c00000)]
  0x0000022cf86ea880 JavaThread "Java indexing" daemon [_thread_blocked, id=1768, stack(0x0000006ae4c00000,0x0000006ae4d00000)]

Other Threads:
  0x0000022cf5e61810 VMThread "VM Thread" [stack: 0x0000006ae2c00000,0x0000006ae2d00000] [id=12824]
  0x0000022cf6183df0 WatcherThread [stack: 0x0000006ae3800000,0x0000006ae3900000] [id=15400]
  0x0000022ce03081a0 GCTaskThread "GC Thread#0" [stack: 0x0000006ae2b00000,0x0000006ae2c00000] [id=8700]
  0x0000022cf77cafc0 GCTaskThread "GC Thread#1" [stack: 0x0000006ae3b00000,0x0000006ae3c00000] [id=14972]
  0x0000022cf77cb270 GCTaskThread "GC Thread#2" [stack: 0x0000006ae3c00000,0x0000006ae3d00000] [id=2748]
  0x0000022cf72fe360 GCTaskThread "GC Thread#3" [stack: 0x0000006ae3d00000,0x0000006ae3e00000] [id=8840]
  0x0000022cf72fe610 GCTaskThread "GC Thread#4" [stack: 0x0000006ae3e00000,0x0000006ae3f00000] [id=15688]
  0x0000022cf72fe8c0 GCTaskThread "GC Thread#5" [stack: 0x0000006ae3f00000,0x0000006ae4000000] [id=14328]
  0x0000022cf88ee330 GCTaskThread "GC Thread#6" [stack: 0x0000006ae4400000,0x0000006ae4500000] [id=14268]
  0x0000022cf85e0f90 GCTaskThread "GC Thread#7" [stack: 0x0000006ae4500000,0x0000006ae4600000] [id=16136]
  0x0000022cf89fe350 GCTaskThread "GC Thread#8" [stack: 0x0000006ae4700000,0x0000006ae4800000] [id=7496]
  0x0000022cf86dfc30 GCTaskThread "GC Thread#9" [stack: 0x0000006ae4800000,0x0000006ae4900000] [id=13864]

Threads with active compile tasks:
C2 CompilerThread0     2581 2249       4       org.objectweb.asm.ClassReader::readMethod (1066 bytes)

VM state: not at safepoint (normal execution)

VM Mutex/Monitor currently owned by a thread: None

Heap address: 0x00000000c0000000, size: 1024 MB, Compressed Oops mode: 32-bit

CDS archive(s) not mapped
Compressed class space mapped at: 0x0000000100000000-0x0000000140000000, reserved size: 1073741824
Narrow klass base: 0x0000000000000000, Narrow klass shift: 3, Narrow klass range: 0x140000000

GC Precious Log:
 CPUs: 12 total, 12 available
 Memory: 16272M
 Large Page Support: Disabled
 NUMA Support: Disabled
 Compressed Oops: Enabled (32-bit)
 Alignments: Space 512K, Generation 512K, Heap 2M
 Heap Min Capacity: 100M
 Heap Initial Capacity: 100M
 Heap Max Capacity: 1G
 Pre-touch: Disabled
 Parallel Workers: 10

Heap:
 PSYoungGen      total 25600K, used 22769K [0x00000000eab00000, 0x00000000ec880000, 0x0000000100000000)
  eden space 25088K, 89% used [0x00000000eab00000,0x00000000ec0dc530,0x00000000ec380000)
  from space 512K, 75% used [0x00000000ec400000,0x00000000ec460000,0x00000000ec480000)
  to   space 2048K, 0% used [0x00000000ec680000,0x00000000ec680000,0x00000000ec880000)
 ParOldGen       total 68608K, used 7144K [0x00000000c0000000, 0x00000000c4300000, 0x00000000eab00000)
  object space 68608K, 10% used [0x00000000c0000000,0x00000000c06fa178,0x00000000c4300000)
 Metaspace       used 27103K, committed 27584K, reserved 1081344K
  class space    used 2616K, committed 2816K, reserved 1048576K

Card table byte_map: [0x0000022cdfcb0000,0x0000022cdfec0000] _byte_map_base: 0x0000022cdf6b0000

Marking Bits: (ParMarkBitMap*) 0x00007ffd696c2cc0
 Begin Bits: [0x0000022cf1f90000, 0x0000022cf2f90000)
 End Bits:   [0x0000022cf2f90000, 0x0000022cf3f90000)

Polling page: 0x0000022cde2c0000

Metaspace:

Usage:
  Non-class:     23.91 MB used.
      Class:      2.56 MB used.
       Both:     26.47 MB used.

Virtual space:
  Non-class space:       32.00 MB reserved,      24.19 MB ( 76%) committed,  4 nodes.
      Class space:        1.00 GB reserved,       2.75 MB ( <1%) committed,  1 nodes.
             Both:        1.03 GB reserved,      26.94 MB (  3%) committed. 

Chunk freelists:
   Non-Class:  3.60 MB
       Class:  1.07 MB
        Both:  4.67 MB

MaxMetaspaceSize: unlimited
CompressedClassSpaceSize: 1.00 GB
Initial GC threshold: 21.00 MB
Current GC threshold: 35.00 MB
CDS: off
MetaspaceReclaimPolicy: balanced
 - commit_granule_bytes: 65536.
 - commit_granule_words: 8192.
 - virtual_space_node_default_size: 1048576.
 - enlarge_chunks_in_place: 1.
 - new_chunks_are_fully_committed: 0.
 - uncommit_free_chunks: 1.
 - use_allocation_guard: 0.
 - handle_deallocations: 1.


Internal statistics:

num_allocs_failed_limit: 3.
num_arena_births: 186.
num_arena_deaths: 14.
num_vsnodes_births: 5.
num_vsnodes_deaths: 0.
num_space_committed: 431.
num_space_uncommitted: 0.
num_chunks_returned_to_freelist: 17.
num_chunks_taken_from_freelist: 858.
num_chunk_merges: 7.
num_chunk_splits: 609.
num_chunks_enlarged: 467.
num_purges: 2.
num_inconsistent_stats: 0.

CodeHeap 'non-profiled nmethods': size=120000Kb used=935Kb max_used=935Kb free=119064Kb
 bounds [0x0000022ceaa60000, 0x0000022ceacd0000, 0x0000022cf1f90000]
CodeHeap 'profiled nmethods': size=120000Kb used=4666Kb max_used=4666Kb free=115333Kb
 bounds [0x0000022ce3530000, 0x0000022ce39c0000, 0x0000022ceaa60000]
CodeHeap 'non-nmethods': size=5760Kb used=1225Kb max_used=1254Kb free=4534Kb
 bounds [0x0000022ce2f90000, 0x0000022ce3200000, 0x0000022ce3530000]
 total_blobs=2877 nmethods=2340 adapters=451
 compilation: enabled
              stopped_count=0, restarted_count=0
 full_count=0

Compilation events (20 events):
Event: 2.291 Thread 0x0000022cf5ea5480 2340       3       java.lang.Character::toUpperCase (9 bytes)
Event: 2.291 Thread 0x0000022cf5ea5480 nmethod 2340 0x0000022ce39bdc10 code [0x0000022ce39bddc0, 0x0000022ce39bdfb8]
Event: 2.291 Thread 0x0000022cf5ea5480 2338       3       java.util.TreeMap::leftOf (13 bytes)
Event: 2.291 Thread 0x0000022cf5ea5480 nmethod 2338 0x0000022ce39be090 code [0x0000022ce39be220, 0x0000022ce39be398]
Event: 2.291 Thread 0x0000022cf5ea5480 2341       3       java.lang.ProcessEnvironment$NameComparator::compare (13 bytes)
Event: 2.291 Thread 0x0000022cf5ea5480 nmethod 2341 0x0000022ce39be490 code [0x0000022ce39be640, 0x0000022ce39be948]
Event: 2.293 Thread 0x0000022cf5ea5480 2342       1       org.eclipse.osgi.internal.loader.sources.PackageSource::getId (5 bytes)
Event: 2.293 Thread 0x0000022cf5ea5480 nmethod 2342 0x0000022ceab44710 code [0x0000022ceab448a0, 0x0000022ceab44978]
Event: 2.298 Thread 0x0000022cf8a80260 nmethod 2315 0x0000022ceab44a10 code [0x0000022ceab44c40, 0x0000022ceab461b0]
Event: 2.299 Thread 0x0000022cf8a80260 2261       4       org.objectweb.asm.MethodWriter::canCopyMethodAttributes (163 bytes)
Event: 2.301 Thread 0x0000022cf73077c0 nmethod 2314% 0x0000022ceab46e90 code [0x0000022ceab470a0, 0x0000022ceab47d70]
Event: 2.301 Thread 0x0000022cf73077c0 2257       4       org.objectweb.asm.ByteVector::putByteArray (49 bytes)
Event: 2.302 Thread 0x0000022cf8a80260 nmethod 2261 0x0000022ceab48710 code [0x0000022ceab488a0, 0x0000022ceab48c38]
Event: 2.302 Thread 0x0000022cf8a80260 2260       4       org.objectweb.asm.MethodVisitor::<init> (94 bytes)
Event: 2.302 Thread 0x0000022cf73077c0 nmethod 2257 0x0000022ceab49010 code [0x0000022ceab49180, 0x0000022ceab492f8]
Event: 2.302 Thread 0x0000022cf8a80260 nmethod 2260 0x0000022ceab49410 code [0x0000022ceab49580, 0x0000022ceab49638]
Event: 2.393 Thread 0x0000022cf5ea5480 2343       1       java.util.concurrent.atomic.AtomicLong::get (5 bytes)
Event: 2.393 Thread 0x0000022cf5ea5480 nmethod 2343 0x0000022ceab49710 code [0x0000022ceab498a0, 0x0000022ceab49978]
Event: 2.394 Thread 0x0000022cf5ea5480 2344       1       org.eclipse.core.internal.jobs.InternalJob::previous (5 bytes)
Event: 2.394 Thread 0x0000022cf5ea5480 nmethod 2344 0x0000022ceab49a10 code [0x0000022ceab49ba0, 0x0000022ceab49c78]

GC Heap History (12 events):
Event: 0.773 GC heap before
{Heap before GC invocations=1 (full 0):
 PSYoungGen      total 29696K, used 25584K [0x00000000eab00000, 0x00000000ecc00000, 0x0000000100000000)
  eden space 25600K, 99% used [0x00000000eab00000,0x00000000ec3fc0f0,0x00000000ec400000)
  from space 4096K, 0% used [0x00000000ec800000,0x00000000ec800000,0x00000000ecc00000)
  to   space 4096K, 0% used [0x00000000ec400000,0x00000000ec400000,0x00000000ec800000)
 ParOldGen       total 68608K, used 0K [0x00000000c0000000, 0x00000000c4300000, 0x00000000eab00000)
  object space 68608K, 0% used [0x00000000c0000000,0x00000000c0000000,0x00000000c4300000)
 Metaspace       used 10810K, committed 10944K, reserved 1064960K
  class space    used 1087K, committed 1152K, reserved 1048576K
}
Event: 0.780 GC heap after
{Heap after GC invocations=1 (full 0):
 PSYoungGen      total 29696K, used 3249K [0x00000000eab00000, 0x00000000ecc00000, 0x0000000100000000)
  eden space 25600K, 0% used [0x00000000eab00000,0x00000000eab00000,0x00000000ec400000)
  from space 4096K, 79% used [0x00000000ec400000,0x00000000ec72c680,0x00000000ec800000)
  to   space 4096K, 0% used [0x00000000ec800000,0x00000000ec800000,0x00000000ecc00000)
 ParOldGen       total 68608K, used 16K [0x00000000c0000000, 0x00000000c4300000, 0x00000000eab00000)
  object space 68608K, 0% used [0x00000000c0000000,0x00000000c0004000,0x00000000c4300000)
 Metaspace       used 10810K, committed 10944K, reserved 1064960K
  class space    used 1087K, committed 1152K, reserved 1048576K
}
Event: 1.262 GC heap before
{Heap before GC invocations=2 (full 0):
 PSYoungGen      total 29696K, used 28849K [0x00000000eab00000, 0x00000000ecc00000, 0x0000000100000000)
  eden space 25600K, 100% used [0x00000000eab00000,0x00000000ec400000,0x00000000ec400000)
  from space 4096K, 79% used [0x00000000ec400000,0x00000000ec72c680,0x00000000ec800000)
  to   space 4096K, 0% used [0x00000000ec800000,0x00000000ec800000,0x00000000ecc00000)
 ParOldGen       total 68608K, used 16K [0x00000000c0000000, 0x00000000c4300000, 0x00000000eab00000)
  object space 68608K, 0% used [0x00000000c0000000,0x00000000c0004000,0x00000000c4300000)
 Metaspace       used 15032K, committed 15296K, reserved 1064960K
  class space    used 1542K, committed 1664K, reserved 1048576K
}
Event: 1.266 GC heap after
{Heap after GC invocations=2 (full 0):
 PSYoungGen      total 29696K, used 4077K [0x00000000eab00000, 0x00000000ecc00000, 0x0000000100000000)
  eden space 25600K, 0% used [0x00000000eab00000,0x00000000eab00000,0x00000000ec400000)
  from space 4096K, 99% used [0x00000000ec800000,0x00000000ecbfb728,0x00000000ecc00000)
  to   space 4096K, 0% used [0x00000000ec400000,0x00000000ec400000,0x00000000ec800000)
 ParOldGen       total 68608K, used 676K [0x00000000c0000000, 0x00000000c4300000, 0x00000000eab00000)
  object space 68608K, 0% used [0x00000000c0000000,0x00000000c00a9360,0x00000000c4300000)
 Metaspace       used 15032K, committed 15296K, reserved 1064960K
  class space    used 1542K, committed 1664K, reserved 1048576K
}
Event: 1.747 GC heap before
{Heap before GC invocations=3 (full 0):
 PSYoungGen      total 29696K, used 29677K [0x00000000eab00000, 0x00000000ecc00000, 0x0000000100000000)
  eden space 25600K, 100% used [0x00000000eab00000,0x00000000ec400000,0x00000000ec400000)
  from space 4096K, 99% used [0x00000000ec800000,0x00000000ecbfb728,0x00000000ecc00000)
  to   space 4096K, 0% used [0x00000000ec400000,0x00000000ec400000,0x00000000ec800000)
 ParOldGen       total 68608K, used 676K [0x00000000c0000000, 0x00000000c4300000, 0x00000000eab00000)
  object space 68608K, 0% used [0x00000000c0000000,0x00000000c00a9360,0x00000000c4300000)
 Metaspace       used 20119K, committed 20608K, reserved 1073152K
  class space    used 2056K, committed 2304K, reserved 1048576K
}
Event: 1.751 GC heap after
{Heap after GC invocations=3 (full 0):
 PSYoungGen      total 29696K, used 4078K [0x00000000eab00000, 0x00000000ecc00000, 0x0000000100000000)
  eden space 25600K, 0% used [0x00000000eab00000,0x00000000eab00000,0x00000000ec400000)
  from space 4096K, 99% used [0x00000000ec400000,0x00000000ec7fb888,0x00000000ec800000)
  to   space 4096K, 0% used [0x00000000ec800000,0x00000000ec800000,0x00000000ecc00000)
 ParOldGen       total 68608K, used 2783K [0x00000000c0000000, 0x00000000c4300000, 0x00000000eab00000)
  object space 68608K, 4% used [0x00000000c0000000,0x00000000c02b7ff0,0x00000000c4300000)
 Metaspace       used 20119K, committed 20608K, reserved 1073152K
  class space    used 2056K, committed 2304K, reserved 1048576K
}
Event: 1.842 GC heap before
{Heap before GC invocations=4 (full 0):
 PSYoungGen      total 29696K, used 10563K [0x00000000eab00000, 0x00000000ecc00000, 0x0000000100000000)
  eden space 25600K, 25% used [0x00000000eab00000,0x00000000eb155680,0x00000000ec400000)
  from space 4096K, 99% used [0x00000000ec400000,0x00000000ec7fb888,0x00000000ec800000)
  to   space 4096K, 0% used [0x00000000ec800000,0x00000000ec800000,0x00000000ecc00000)
 ParOldGen       total 68608K, used 2783K [0x00000000c0000000, 0x00000000c4300000, 0x00000000eab00000)
  object space 68608K, 4% used [0x00000000c0000000,0x00000000c02b7ff0,0x00000000c4300000)
 Metaspace       used 21114K, committed 21504K, reserved 1073152K
  class space    used 2158K, committed 2368K, reserved 1048576K
}
Event: 1.845 GC heap after
{Heap after GC invocations=4 (full 0):
 PSYoungGen      total 29696K, used 4087K [0x00000000eab00000, 0x00000000ecc00000, 0x0000000100000000)
  eden space 25600K, 0% used [0x00000000eab00000,0x00000000eab00000,0x00000000ec400000)
  from space 4096K, 99% used [0x00000000ec800000,0x00000000ecbfdd80,0x00000000ecc00000)
  to   space 4096K, 0% used [0x00000000ec400000,0x00000000ec400000,0x00000000ec800000)
 ParOldGen       total 68608K, used 3252K [0x00000000c0000000, 0x00000000c4300000, 0x00000000eab00000)
  object space 68608K, 4% used [0x00000000c0000000,0x00000000c032d208,0x00000000c4300000)
 Metaspace       used 21114K, committed 21504K, reserved 1073152K
  class space    used 2158K, committed 2368K, reserved 1048576K
}
Event: 1.845 GC heap before
{Heap before GC invocations=5 (full 1):
 PSYoungGen      total 29696K, used 4087K [0x00000000eab00000, 0x00000000ecc00000, 0x0000000100000000)
  eden space 25600K, 0% used [0x00000000eab00000,0x00000000eab00000,0x00000000ec400000)
  from space 4096K, 99% used [0x00000000ec800000,0x00000000ecbfdd80,0x00000000ecc00000)
  to   space 4096K, 0% used [0x00000000ec400000,0x00000000ec400000,0x00000000ec800000)
 ParOldGen       total 68608K, used 3252K [0x00000000c0000000, 0x00000000c4300000, 0x00000000eab00000)
  object space 68608K, 4% used [0x00000000c0000000,0x00000000c032d208,0x00000000c4300000)
 Metaspace       used 21114K, committed 21504K, reserved 1073152K
  class space    used 2158K, committed 2368K, reserved 1048576K
}
Event: 1.864 GC heap after
{Heap after GC invocations=5 (full 1):
 PSYoungGen      total 29696K, used 0K [0x00000000eab00000, 0x00000000ecc00000, 0x0000000100000000)
  eden space 25600K, 0% used [0x00000000eab00000,0x00000000eab00000,0x00000000ec400000)
  from space 4096K, 0% used [0x00000000ec800000,0x00000000ec800000,0x00000000ecc00000)
  to   space 4096K, 0% used [0x00000000ec400000,0x00000000ec400000,0x00000000ec800000)
 ParOldGen       total 68608K, used 7136K [0x00000000c0000000, 0x00000000c4300000, 0x00000000eab00000)
  object space 68608K, 10% used [0x00000000c0000000,0x00000000c06f8178,0x00000000c4300000)
 Metaspace       used 21101K, committed 21504K, reserved 1073152K
  class space    used 2154K, committed 2368K, reserved 1048576K
}
Event: 2.092 GC heap before
{Heap before GC invocations=6 (full 1):
 PSYoungGen      total 29696K, used 25600K [0x00000000eab00000, 0x00000000ecc00000, 0x0000000100000000)
  eden space 25600K, 100% used [0x00000000eab00000,0x00000000ec400000,0x00000000ec400000)
  from space 4096K, 0% used [0x00000000ec800000,0x00000000ec800000,0x00000000ecc00000)
  to   space 4096K, 0% used [0x00000000ec400000,0x00000000ec400000,0x00000000ec800000)
 ParOldGen       total 68608K, used 7136K [0x00000000c0000000, 0x00000000c4300000, 0x00000000eab00000)
  object space 68608K, 10% used [0x00000000c0000000,0x00000000c06f8178,0x00000000c4300000)
 Metaspace       used 24694K, committed 25088K, reserved 1073152K
  class space    used 2402K, committed 2624K, reserved 1048576K
}
Event: 2.093 GC heap after
{Heap after GC invocations=6 (full 1):
 PSYoungGen      total 25600K, used 384K [0x00000000eab00000, 0x00000000ec880000, 0x0000000100000000)
  eden space 25088K, 0% used [0x00000000eab00000,0x00000000eab00000,0x00000000ec380000)
  from space 512K, 75% used [0x00000000ec400000,0x00000000ec460000,0x00000000ec480000)
  to   space 2048K, 0% used [0x00000000ec680000,0x00000000ec680000,0x00000000ec880000)
 ParOldGen       total 68608K, used 7144K [0x00000000c0000000, 0x00000000c4300000, 0x00000000eab00000)
  object space 68608K, 10% used [0x00000000c0000000,0x00000000c06fa178,0x00000000c4300000)
 Metaspace       used 24694K, committed 25088K, reserved 1073152K
  class space    used 2402K, committed 2624K, reserved 1048576K
}

Deoptimization events (20 events):
Event: 2.290 Thread 0x0000022cf85c46f0 Uncommon trap: trap_request=0xffffffc6 fr.pc=0x0000022ceaae17d0 relative=0x0000000000000990
Event: 2.290 Thread 0x0000022cf85c46f0 Uncommon trap: reason=bimorphic_or_optimized_type_check action=maybe_recompile pc=0x0000022ceaae17d0 method=java.util.HashMap.putVal(ILjava/lang/Object;Ljava/lang/Object;ZZ)Ljava/lang/Object; @ 56 c2
Event: 2.290 Thread 0x0000022cf85c46f0 DEOPT PACKING pc=0x0000022ceaae17d0 sp=0x0000006ae42fdb80
Event: 2.290 Thread 0x0000022cf85c46f0 DEOPT UNPACKING pc=0x0000022ce2fe20a3 sp=0x0000006ae42fdad8 mode 2
Event: 2.290 Thread 0x0000022cf85c46f0 Uncommon trap: trap_request=0xffffffc6 fr.pc=0x0000022ceaae17d0 relative=0x0000000000000990
Event: 2.290 Thread 0x0000022cf85c46f0 Uncommon trap: reason=bimorphic_or_optimized_type_check action=maybe_recompile pc=0x0000022ceaae17d0 method=java.util.HashMap.putVal(ILjava/lang/Object;Ljava/lang/Object;ZZ)Ljava/lang/Object; @ 56 c2
Event: 2.290 Thread 0x0000022cf85c46f0 DEOPT PACKING pc=0x0000022ceaae17d0 sp=0x0000006ae42fdb80
Event: 2.290 Thread 0x0000022cf85c46f0 DEOPT UNPACKING pc=0x0000022ce2fe20a3 sp=0x0000006ae42fdad8 mode 2
Event: 2.290 Thread 0x0000022cf85c46f0 Uncommon trap: trap_request=0xffffffc6 fr.pc=0x0000022ceaae17d0 relative=0x0000000000000990
Event: 2.290 Thread 0x0000022cf85c46f0 Uncommon trap: reason=bimorphic_or_optimized_type_check action=maybe_recompile pc=0x0000022ceaae17d0 method=java.util.HashMap.putVal(ILjava/lang/Object;Ljava/lang/Object;ZZ)Ljava/lang/Object; @ 56 c2
Event: 2.290 Thread 0x0000022cf85c46f0 DEOPT PACKING pc=0x0000022ceaae17d0 sp=0x0000006ae42fdb80
Event: 2.290 Thread 0x0000022cf85c46f0 DEOPT UNPACKING pc=0x0000022ce2fe20a3 sp=0x0000006ae42fdad8 mode 2
Event: 2.290 Thread 0x0000022cf85c46f0 Uncommon trap: trap_request=0xffffffc6 fr.pc=0x0000022ceaae1808 relative=0x00000000000009c8
Event: 2.290 Thread 0x0000022cf85c46f0 Uncommon trap: reason=bimorphic_or_optimized_type_check action=maybe_recompile pc=0x0000022ceaae1808 method=java.util.HashMap.putVal(ILjava/lang/Object;Ljava/lang/Object;ZZ)Ljava/lang/Object; @ 152 c2
Event: 2.290 Thread 0x0000022cf85c46f0 DEOPT PACKING pc=0x0000022ceaae1808 sp=0x0000006ae42fdb80
Event: 2.290 Thread 0x0000022cf85c46f0 DEOPT UNPACKING pc=0x0000022ce2fe20a3 sp=0x0000006ae42fdae0 mode 2
Event: 2.290 Thread 0x0000022cf85c46f0 Uncommon trap: trap_request=0xffffffc6 fr.pc=0x0000022ceaae17d0 relative=0x0000000000000990
Event: 2.290 Thread 0x0000022cf85c46f0 Uncommon trap: reason=bimorphic_or_optimized_type_check action=maybe_recompile pc=0x0000022ceaae17d0 method=java.util.HashMap.putVal(ILjava/lang/Object;Ljava/lang/Object;ZZ)Ljava/lang/Object; @ 56 c2
Event: 2.290 Thread 0x0000022cf85c46f0 DEOPT PACKING pc=0x0000022ceaae17d0 sp=0x0000006ae42fdb80
Event: 2.290 Thread 0x0000022cf85c46f0 DEOPT UNPACKING pc=0x0000022ce2fe20a3 sp=0x0000006ae42fdad8 mode 2

Classes unloaded (7 events):
Event: 1.848 Thread 0x0000022cf5e61810 Unloading class 0x0000000100210800 'java/lang/invoke/LambdaForm$MH+0x0000000100210800'
Event: 1.848 Thread 0x0000022cf5e61810 Unloading class 0x0000000100210400 'java/lang/invoke/LambdaForm$MH+0x0000000100210400'
Event: 1.848 Thread 0x0000022cf5e61810 Unloading class 0x0000000100210000 'java/lang/invoke/LambdaForm$MH+0x0000000100210000'
Event: 1.848 Thread 0x0000022cf5e61810 Unloading class 0x000000010020fc00 'java/lang/invoke/LambdaForm$MH+0x000000010020fc00'
Event: 1.848 Thread 0x0000022cf5e61810 Unloading class 0x000000010020f400 'java/lang/invoke/LambdaForm$BMH+0x000000010020f400'
Event: 1.848 Thread 0x0000022cf5e61810 Unloading class 0x000000010020f000 'java/lang/invoke/LambdaForm$DMH+0x000000010020f000'
Event: 1.848 Thread 0x0000022cf5e61810 Unloading class 0x000000010020c400 'java/lang/invoke/LambdaForm$DMH+0x000000010020c400'

Classes redefined (0 events):
No events

Internal exceptions (20 events):
Event: 1.368 Thread 0x0000022cf85c46f0 Exception <a 'java/io/FileNotFoundException'{0x00000000eb1c6b60}> (0x00000000eb1c6b60) 
thrown [s\src\hotspot\share\prims\jni.cpp, line 516]
Event: 1.378 Thread 0x0000022cf85c46f0 Exception <a 'java/lang/NullPointerException'{0x00000000eb218140}> (0x00000000eb218140) 
thrown [s\src\hotspot\share\interpreter\linkResolver.cpp, line 1350]
Event: 1.378 Thread 0x0000022cf85c46f0 Exception <a 'java/lang/NullPointerException'{0x00000000eb218968}> (0x00000000eb218968) 
thrown [s\src\hotspot\share\interpreter\linkResolver.cpp, line 1350]
Event: 1.554 Thread 0x0000022cf85c46f0 Exception <a 'java/lang/NoSuchMethodError'{0x00000000eb9857d0}: 'void java.lang.invoke.DirectMethodHandle$Holder.invokeInterface(java.lang.Object, java.lang.Object, java.lang.Object)'> (0x00000000eb9857d0) 
thrown [s\src\hotspot\share\interpreter\linkResolver.cpp, line 759]
Event: 1.610 Thread 0x0000022cf85c46f0 Exception <a 'java/lang/NoSuchMethodError'{0x00000000ebca97d8}: 'java.lang.Object java.lang.invoke.Invokers$Holder.invokeExact_MT(java.lang.Object, java.lang.Object, java.lang.Object, java.lang.Object, java.lang.Object, java.lang.Object)'> (0x00000000ebca97d8) 
thrown [s\src\hotspot\share\interpreter\linkResolver.cpp, line 759]
Event: 1.624 Thread 0x0000022cf85c46f0 Exception <a 'java/lang/NoSuchMethodError'{0x00000000ebd8cff8}: 'java.lang.Object java.lang.invoke.DirectMethodHandle$Holder.invokeStatic(java.lang.Object, java.lang.Object, int)'> (0x00000000ebd8cff8) 
thrown [s\src\hotspot\share\interpreter\linkResolver.cpp, line 759]
Event: 1.624 Thread 0x0000022cf85c46f0 Exception <a 'java/lang/NoSuchMethodError'{0x00000000ebd91ba8}: 'void java.lang.invoke.DirectMethodHandle$Holder.invokeStatic(java.lang.Object, java.lang.Object, int, java.lang.Object)'> (0x00000000ebd91ba8) 
thrown [s\src\hotspot\share\interpreter\linkResolver.cpp, line 759]
Event: 1.625 Thread 0x0000022cf85c46f0 Exception <a 'java/lang/NoSuchMethodError'{0x00000000ebd992d8}: 'void java.lang.invoke.DelegatingMethodHandle$Holder.delegate(java.lang.Object, java.lang.Object, int, java.lang.Object)'> (0x00000000ebd992d8) 
thrown [s\src\hotspot\share\interpreter\linkResolver.cpp, line 759]
Event: 1.625 Thread 0x0000022cf85c46f0 Exception <a 'java/lang/NoSuchMethodError'{0x00000000ebd9d6c0}: 'int java.lang.invoke.DirectMethodHandle$Holder.invokeSpecial(java.lang.Object, java.lang.Object, java.lang.Object)'> (0x00000000ebd9d6c0) 
thrown [s\src\hotspot\share\interpreter\linkResolver.cpp, line 759]
Event: 1.627 Thread 0x0000022cf85c46f0 Exception <a 'java/lang/NoSuchMethodError'{0x00000000ebdadcb0}: 'int java.lang.invoke.DirectMethodHandle$Holder.invokeStatic(java.lang.Object, java.lang.Object, int)'> (0x00000000ebdadcb0) 
thrown [s\src\hotspot\share\interpreter\linkResolver.cpp, line 759]
Event: 1.627 Thread 0x0000022cf85c46f0 Exception <a 'java/lang/NoSuchMethodError'{0x00000000ebdb1cd8}: 'int java.lang.invoke.DirectMethodHandle$Holder.invokeSpecial(java.lang.Object, java.lang.Object, java.lang.Object, int)'> (0x00000000ebdb1cd8) 
thrown [s\src\hotspot\share\interpreter\linkResolver.cpp, line 759]
Event: 1.629 Thread 0x0000022cf85c46f0 Exception <a 'java/lang/NoSuchMethodError'{0x00000000ebdcc998}: 'java.lang.Object java.lang.invoke.DirectMethodHandle$Holder.invokeStatic(java.lang.Object, java.lang.Object, java.lang.Object, java.lang.Object, int)'> (0x00000000ebdcc998) 
thrown [s\src\hotspot\share\interpreter\linkResolver.cpp, line 759]
Event: 1.630 Thread 0x0000022cf85c46f0 Exception <a 'java/lang/NoSuchMethodError'{0x00000000ebdd8d90}: 'java.lang.Object java.lang.invoke.DelegatingMethodHandle$Holder.reinvoke_L(java.lang.Object, java.lang.Object, java.lang.Object, java.lang.Object, int, int)'> (0x00000000ebdd8d90) 
thrown [s\src\hotspot\share\interpreter\linkResolver.cpp, line 759]
Event: 1.631 Thread 0x0000022cf85c46f0 Exception <a 'java/lang/NoSuchMethodError'{0x00000000ebdf0cd0}: 'java.lang.Object java.lang.invoke.Invokers$Holder.invokeExact_MT(java.lang.Object, java.lang.Object, java.lang.Object, java.lang.Object)'> (0x00000000ebdf0cd0) 
thrown [s\src\hotspot\share\interpreter\linkResolver.cpp, line 759]
Event: 1.781 Thread 0x0000022cf85c46f0 Exception <a 'java/lang/NoSuchMethodError'{0x00000000ead2c718}: 'int java.lang.invoke.DirectMethodHandle$Holder.invokeStaticInit(java.lang.Object, java.lang.Object, java.lang.Object)'> (0x00000000ead2c718) 
thrown [s\src\hotspot\share\interpreter\linkResolver.cpp, line 759]
Event: 1.788 Thread 0x0000022cf85c46f0 Exception <a 'java/lang/IncompatibleClassChangeError'{0x00000000ead93258}: Found class java.lang.Object, but interface was expected> (0x00000000ead93258) 
thrown [s\src\hotspot\share\interpreter\linkResolver.cpp, line 826]
Event: 1.818 Thread 0x0000022cf88325d0 Exception <a 'java/io/FileNotFoundException'{0x00000000eacfe728}> (0x00000000eacfe728) 
thrown [s\src\hotspot\share\prims\jni.cpp, line 516]
Event: 2.259 Thread 0x0000022cf85c46f0 Exception <a 'java/lang/ClassNotFoundException'{0x00000000ebf0a2d8}: com/sun/org/apache/xerces/internal/impl/msg/spi/DOMMessagesProvider> (0x00000000ebf0a2d8) 
thrown [s\src\hotspot\share\classfile\systemDictionary.cpp, line 256]
Event: 2.263 Thread 0x0000022cf85c46f0 Exception <a 'java/lang/ClassNotFoundException'{0x00000000ebf30d18}: com/sun/org/apache/xerces/internal/impl/msg/spi/XMLSerializerMessagesProvider> (0x00000000ebf30d18) 
thrown [s\src\hotspot\share\classfile\systemDictionary.cpp, line 256]
Event: 2.264 Thread 0x0000022cf85c46f0 Exception <a 'java/lang/ClassNotFoundException'{0x00000000ebf3dff0}: com/sun/org/apache/xerces/internal/impl/msg/spi/XMLMessagesProvider> (0x00000000ebf3dff0) 
thrown [s\src\hotspot\share\classfile\systemDictionary.cpp, line 256]

VM Operations (20 events):
Event: 1.261 Executing VM operation: ParallelGCFailedAllocation
Event: 1.266 Executing VM operation: ParallelGCFailedAllocation done
Event: 1.465 Executing VM operation: HandshakeAllThreads
Event: 1.465 Executing VM operation: HandshakeAllThreads done
Event: 1.525 Executing VM operation: HandshakeAllThreads
Event: 1.525 Executing VM operation: HandshakeAllThreads done
Event: 1.530 Executing VM operation: HandshakeAllThreads
Event: 1.530 Executing VM operation: HandshakeAllThreads done
Event: 1.624 Executing VM operation: HandshakeAllThreads
Event: 1.624 Executing VM operation: HandshakeAllThreads done
Event: 1.747 Executing VM operation: ParallelGCFailedAllocation
Event: 1.751 Executing VM operation: ParallelGCFailedAllocation done
Event: 1.807 Executing VM operation: HandshakeAllThreads
Event: 1.807 Executing VM operation: HandshakeAllThreads done
Event: 1.842 Executing VM operation: CollectForMetadataAllocation
Event: 1.864 Executing VM operation: CollectForMetadataAllocation done
Event: 2.092 Executing VM operation: ParallelGCFailedAllocation
Event: 2.093 Executing VM operation: ParallelGCFailedAllocation done
Event: 2.289 Executing VM operation: HandshakeAllThreads
Event: 2.289 Executing VM operation: HandshakeAllThreads done

Events (20 events):
Event: 2.266 loading class com/sun/org/apache/xerces/internal/impl/msg/XMLMessages_en done
Event: 2.267 loading class com/sun/org/apache/xerces/internal/impl/msg/XMLMessages_en
Event: 2.267 loading class com/sun/org/apache/xerces/internal/impl/msg/XMLMessages_en done
Event: 2.267 loading class com/sun/org/apache/xerces/internal/impl/msg/XMLMessages_en_US
Event: 2.267 loading class com/sun/org/apache/xerces/internal/impl/msg/XMLMessages_en_US done
Event: 2.267 loading class com/sun/org/apache/xerces/internal/impl/msg/XMLMessages_en_US
Event: 2.267 loading class com/sun/org/apache/xerces/internal/impl/msg/XMLMessages_en_US done
Event: 2.277 Thread 0x0000022cf86ea880 Thread added: 0x0000022cf86ea880
Event: 2.289 loading class java/lang/ProcessEnvironment
Event: 2.289 loading class java/lang/ProcessEnvironment done
Event: 2.289 loading class java/lang/ProcessEnvironment$NameComparator
Event: 2.290 loading class java/lang/ProcessEnvironment$NameComparator done
Event: 2.290 loading class java/lang/ProcessEnvironment$EntryComparator
Event: 2.290 loading class java/lang/ProcessEnvironment$EntryComparator done
Event: 2.290 loading class java/lang/ProcessEnvironment$CheckedEntrySet
Event: 2.290 loading class java/lang/ProcessEnvironment$CheckedEntrySet done
Event: 2.290 loading class java/lang/ProcessEnvironment$CheckedEntrySet$1
Event: 2.290 loading class java/lang/ProcessEnvironment$CheckedEntrySet$1 done
Event: 2.290 loading class java/lang/ProcessEnvironment$CheckedEntry
Event: 2.290 loading class java/lang/ProcessEnvironment$CheckedEntry done


Dynamic libraries:
0x00007ff6ff510000 - 0x00007ff6ff51e000 	c:\Users\Ahmed\.vscode\extensions\redhat.java-1.12.0-win32-x64\jre\17.0.4.1-win32-x86_64\bin\java.exe
0x00007ffdbbe70000 - 0x00007ffdbc068000 	C:\WINDOWS\SYSTEM32\ntdll.dll
0x00007ffdbaaf0000 - 0x00007ffdbabaf000 	C:\WINDOWS\System32\KERNEL32.DLL
0x00007ffdb9b80000 - 0x00007ffdb9e52000 	C:\WINDOWS\System32\KERNELBASE.dll
0x00007ffdb96c0000 - 0x00007ffdb97c0000 	C:\WINDOWS\System32\ucrtbase.dll
0x00007ffdb17d0000 - 0x00007ffdb17e8000 	c:\Users\Ahmed\.vscode\extensions\redhat.java-1.12.0-win32-x64\jre\17.0.4.1-win32-x86_64\bin\jli.dll
0x00007ffdb17b0000 - 0x00007ffdb17c9000 	c:\Users\Ahmed\.vscode\extensions\redhat.java-1.12.0-win32-x64\jre\17.0.4.1-win32-x86_64\bin\VCRUNTIME140.dll
0x00007ffdba7a0000 - 0x00007ffdba941000 	C:\WINDOWS\System32\USER32.dll
0x00007ffdb9ab0000 - 0x00007ffdb9ad2000 	C:\WINDOWS\System32\win32u.dll
0x00007ffda5090000 - 0x00007ffda532a000 	C:\WINDOWS\WinSxS\amd64_microsoft.windows.common-controls_6595b64144ccf1df_6.0.19041.1110_none_60b5254171f9507e\COMCTL32.dll
0x00007ffdbbde0000 - 0x00007ffdbbe0b000 	C:\WINDOWS\System32\GDI32.dll
0x00007ffdba700000 - 0x00007ffdba79e000 	C:\WINDOWS\System32\msvcrt.dll
0x00007ffdb97c0000 - 0x00007ffdb98cf000 	C:\WINDOWS\System32\gdi32full.dll
0x00007ffdb98d0000 - 0x00007ffdb996d000 	C:\WINDOWS\System32\msvcp_win.dll
0x00007ffdba400000 - 0x00007ffdba432000 	C:\WINDOWS\System32\IMM32.DLL
0x00007ffdb3230000 - 0x00007ffdb323c000 	c:\Users\Ahmed\.vscode\extensions\redhat.java-1.12.0-win32-x64\jre\17.0.4.1-win32-x86_64\bin\vcruntime140_1.dll
0x00007ffd76590000 - 0x00007ffd76621000 	c:\Users\Ahmed\.vscode\extensions\redhat.java-1.12.0-win32-x64\jre\17.0.4.1-win32-x86_64\bin\msvcp140.dll
0x00007ffd68b40000 - 0x00007ffd69786000 	c:\Users\Ahmed\.vscode\extensions\redhat.java-1.12.0-win32-x64\jre\17.0.4.1-win32-x86_64\bin\server\jvm.dll
0x00007ffdbac10000 - 0x00007ffdbacbe000 	C:\WINDOWS\System32\ADVAPI32.dll
0x00007ffdbaef0000 - 0x00007ffdbaf8c000 	C:\WINDOWS\System32\sechost.dll
0x00007ffdbad50000 - 0x00007ffdbae75000 	C:\WINDOWS\System32\RPCRT4.dll
0x00007ffdba510000 - 0x00007ffdba518000 	C:\WINDOWS\System32\PSAPI.DLL
0x00007ffd98520000 - 0x00007ffd98529000 	C:\WINDOWS\SYSTEM32\WSOCK32.dll
0x00007ffda3610000 - 0x00007ffda3637000 	C:\WINDOWS\SYSTEM32\WINMM.dll
0x00007ffdb1160000 - 0x00007ffdb116a000 	C:\WINDOWS\SYSTEM32\VERSION.dll
0x00007ffdbae80000 - 0x00007ffdbaeeb000 	C:\WINDOWS\System32\WS2_32.dll
0x00007ffdb7db0000 - 0x00007ffdb7dc2000 	C:\WINDOWS\SYSTEM32\kernel.appcore.dll
0x00007ffdb31f0000 - 0x00007ffdb31fa000 	c:\Users\Ahmed\.vscode\extensions\redhat.java-1.12.0-win32-x64\jre\17.0.4.1-win32-x86_64\bin\jimage.dll
0x00007ffdb7330000 - 0x00007ffdb7514000 	C:\WINDOWS\SYSTEM32\DBGHELP.DLL
0x00007ffda1ed0000 - 0x00007ffda1f05000 	C:\WINDOWS\SYSTEM32\dbgcore.DLL
0x00007ffdb9970000 - 0x00007ffdb99f2000 	C:\WINDOWS\System32\bcryptPrimitives.dll
0x00007ffdb2b40000 - 0x00007ffdb2b4e000 	c:\Users\Ahmed\.vscode\extensions\redhat.java-1.12.0-win32-x64\jre\17.0.4.1-win32-x86_64\bin\instrument.dll
0x00007ffdaf720000 - 0x00007ffdaf745000 	c:\Users\Ahmed\.vscode\extensions\redhat.java-1.12.0-win32-x64\jre\17.0.4.1-win32-x86_64\bin\java.dll
0x00007ffdaf700000 - 0x00007ffdaf718000 	c:\Users\Ahmed\.vscode\extensions\redhat.java-1.12.0-win32-x64\jre\17.0.4.1-win32-x86_64\bin\zip.dll
0x00007ffdbb4e0000 - 0x00007ffdbbc24000 	C:\WINDOWS\System32\SHELL32.dll
0x00007ffdb7600000 - 0x00007ffdb7d92000 	C:\WINDOWS\SYSTEM32\windows.storage.dll
0x00007ffdbb000000 - 0x00007ffdbb355000 	C:\WINDOWS\System32\combase.dll
0x00007ffdb8fc0000 - 0x00007ffdb8ff0000 	C:\WINDOWS\SYSTEM32\Wldp.dll
0x00007ffdba520000 - 0x00007ffdba5cd000 	C:\WINDOWS\System32\SHCORE.dll
0x00007ffdbb360000 - 0x00007ffdbb3b5000 	C:\WINDOWS\System32\shlwapi.dll
0x00007ffdb94a0000 - 0x00007ffdb94bf000 	C:\WINDOWS\SYSTEM32\profapi.dll
0x00007ffda4dc0000 - 0x00007ffda4dd9000 	C:\Users\Ahmed\.vscode\extensions\redhat.java-1.12.0-win32-x64\jre\17.0.4.1-win32-x86_64\bin\net.dll
0x00007ffdb26b0000 - 0x00007ffdb27bc000 	C:\WINDOWS\SYSTEM32\WINHTTP.dll
0x00007ffdb8d20000 - 0x00007ffdb8d8a000 	C:\WINDOWS\system32\mswsock.dll
0x00007ffda2c50000 - 0x00007ffda2c65000 	C:\Users\Ahmed\.vscode\extensions\redhat.java-1.12.0-win32-x64\jre\17.0.4.1-win32-x86_64\bin\nio.dll
0x00007ffdb2ae0000 - 0x00007ffdb2af0000 	c:\Users\Ahmed\.vscode\extensions\redhat.java-1.12.0-win32-x64\jre\17.0.4.1-win32-x86_64\bin\verify.dll
0x00007ffda2ad0000 - 0x00007ffda2b0e000 	C:\Users\Ahmed\AppData\Roaming\Code\User\globalStorage\redhat.java\1.12.0\config_ss_win\org.eclipse.equinox.launcher\org.eclipse.equinox.launcher.win32.win32.x86_64_1.2.600.v20220720-1916\eclipse_11700.dll
0x00007ffdba5d0000 - 0x00007ffdba6fa000 	C:\WINDOWS\System32\ole32.dll

dbghelp: loaded successfully - version: 4.0.5 - missing functions: none
symbol engine: initialized successfully - sym options: 0x614 - pdb path: .;c:\Users\Ahmed\.vscode\extensions\redhat.java-1.12.0-win32-x64\jre\17.0.4.1-win32-x86_64\bin;C:\WINDOWS\SYSTEM32;C:\WINDOWS\WinSxS\amd64_microsoft.windows.common-controls_6595b64144ccf1df_6.0.19041.1110_none_60b5254171f9507e;c:\Users\Ahmed\.vscode\extensions\redhat.java-1.12.0-win32-x64\jre\17.0.4.1-win32-x86_64\bin\server;C:\Users\Ahmed\AppData\Roaming\Code\User\globalStorage\redhat.java\1.12.0\config_ss_win\org.eclipse.equinox.launcher\org.eclipse.equinox.launcher.win32.win32.x86_64_1.2.600.v20220720-1916

VM Arguments:
jvm_args: --add-modules=ALL-SYSTEM --add-opens=java.base/java.util=ALL-UNNAMED --add-opens=java.base/java.lang=ALL-UNNAMED --add-opens=java.base/sun.nio.fs=ALL-UNNAMED -Declipse.application=org.eclipse.jdt.ls.core.id1 -Dosgi.bundles.defaultStartLevel=4 -Declipse.product=org.eclipse.jdt.ls.core.product -Djava.import.generatesMetadataFilesAtProjectRoot=false -Dfile.encoding=utf8 -XX:+UseParallelGC -XX:GCTimeRatio=4 -XX:AdaptiveSizePolicyWeight=90 -Dsun.zip.disableMemoryMapping=true -Xmx1G -Xms100m -Xlog:disable -javaagent:c:\Users\Ahmed\.vscode\extensions\redhat.java-1.12.0-win32-x64\lombok\lombok-1.18.24.jar 
java_command: c:\Users\Ahmed\.vscode\extensions\redhat.java-1.12.0-win32-x64\server\plugins\org.eclipse.equinox.launcher_1.6.400.v20210924-0641.jar -configuration c:\Users\Ahmed\AppData\Roaming\Code\User\globalStorage\redhat.java\1.12.0\config_ss_win -data c:\Users\Ahmed\AppData\Roaming\Code\User\workspaceStorage\89fba2ed17bc31c87d946e02060d89f5\redhat.java\ss_ws
java_class_path (initial): c:\Users\Ahmed\.vscode\extensions\redhat.java-1.12.0-win32-x64\server\plugins\org.eclipse.equinox.launcher_1.6.400.v20210924-0641.jar
Launcher Type: SUN_STANDARD

[Global flags]
    uintx AdaptiveSizePolicyWeight                 = 90                                        {product} {command line}
     intx CICompilerCount                          = 4                                         {product} {ergonomic}
    uintx GCTimeRatio                              = 4                                         {product} {command line}
   size_t InitialHeapSize                          = 104857600                                 {product} {command line}
   size_t MaxHeapSize                              = 1073741824                                {product} {command line}
   size_t MaxNewSize                               = 357564416                                 {product} {ergonomic}
   size_t MinHeapDeltaBytes                        = 524288                                    {product} {ergonomic}
   size_t MinHeapSize                              = 104857600                                 {product} {command line}
   size_t NewSize                                  = 34603008                                  {product} {ergonomic}
    uintx NonNMethodCodeHeapSize                   = 5839372                                {pd product} {ergonomic}
    uintx NonProfiledCodeHeapSize                  = 122909434                              {pd product} {ergonomic}
   size_t OldSize                                  = 70254592                                  {product} {ergonomic}
    uintx ProfiledCodeHeapSize                     = 122909434                              {pd product} {ergonomic}
    uintx ReservedCodeCacheSize                    = 251658240                              {pd product} {ergonomic}
     bool SegmentedCodeCache                       = true                                      {product} {ergonomic}
   size_t SoftMaxHeapSize                          = 1073741824                             {manageable} {ergonomic}
     bool UseCompressedClassPointers               = true                           {product lp64_product} {ergonomic}
     bool UseCompressedOops                        = true                           {product lp64_product} {ergonomic}
     bool UseLargePagesIndividualAllocation        = false                                  {pd product} {ergonomic}
     bool UseParallelGC                            = true                                      {product} {command line}

Logging:
Log output configuration:
 #0: stdout all=off uptime,level,tags
 #1: stderr all=off uptime,level,tags

Environment Variables:
JAVA_HOME=C:\Program Files\Java\jdk-14.0.1
PATH=C:\Program Files (x86)\VMware\VMware Player\bin\;C:\Windows\system32;C:\Windows;C:\Windows\System32\Wbem;C:\Windows\System32\WindowsPowerShell\v1.0\;C:\Windows\System32\OpenSSH\;C:\Program Files (x86)\NVIDIA Corporation\PhysX\Common;C:\Program Files\NVIDIA Corporation\NVIDIA NvDLISR;C:\Program Files\Git\cmd;C:\Program Files\Microsoft SQL Server\Client SDK\ODBC\170\Tools\Binn\;C:\Program Files (x86)\Microsoft SQL Server\150\Tools\Binn\;C:\Program Files\Microsoft SQL Server\150\Tools\Binn\;C:\Program Files\Microsoft SQL Server\150\DTS\Binn\;C:\Program Files (x86)\Microsoft SQL Server\150\DTS\Binn\;C:\Program Files\Azure Data Studio\bin;C:\Program Files\Microsoft SQL Server\130\Tools\Binn\;C:\Program Files (x86)\Microsoft SQL Server\110\DTS\Binn\;C:\Program Files (x86)\Microsoft SQL Server\120\DTS\Binn\;C:\Program Files (x86)\Microsoft SQL Server\130\DTS\Binn\;C:\Program Files (x86)\Microsoft SQL Server\140\DTS\Binn\;C:\Program Files (x86)\Microsoft SQL Server\160\DTS\Binn\;C:\Users\Ahmed\AppData\Local\Android\Sdk\platform-tools;D:\xampp\php;C:\ProgramData\ComposerSetup\bin;C:\Program Files\MongoDB\Tools\100\bin;C:\Program Files\PuTTY\;D:\Work\Vagrant\bin;C:\Users\Ahmed\AppData\Roaming\nvm;C:\Program Files\nodejs;C:\Users\Ahmed\AppData\Local\Yarn\bin;C:\Program Files\dotnet\;%SystemRoot%\system32;%SystemRoot%;%SystemRoot%\System32\Wbem;%SYSTEMROOT%\System32\WindowsPowerShell\v1.0\;%SYSTEMROOT%\System32\OpenSSH\;C:\Users\Ahmed\AppData\Local\Programs\Python\Python311\Scripts\;C:\Users\Ahmed\AppData\Local\Programs\Python\Python311\;C:\Users\Ahmed\AppData\Local\Microsoft\WindowsApps;C:\Users\Ahmed\AppData\Roaming\npm;C:\Users\Ahmed\AppData\Local\Programs\Microsoft VS Code\bin;C:\Program Files\Azure Data Studio\bin;C:\Users\Ahmed\AppData\Roaming\Composer\vendor\bin;D:\Work\IdeoFuzion\xampp\php;C:\Users\Ahmed\AppData\Roaming\nvm;C:\Program Files\nodejs;C:\Users\Ahmed\AppData\Local\Yarn\bin;C:\Users\Ahmed\.dotnet\tools;
USERNAME=Ahmed
OS=Windows_NT
PROCESSOR_IDENTIFIER=Intel64 Family 6 Model 158 Stepping 10, GenuineIntel
TMP=C:\Users\Ahmed\AppData\Local\Temp
TEMP=C:\Users\Ahmed\AppData\Local\Temp



---------------  S Y S T E M  ---------------

OS:
 Windows 10 , 64 bit Build 19041 (10.0.19041.2251)
OS uptime: 0 days 1:38 hours

CPU: total 12 (initial active 12) (6 cores per cpu, 2 threads per core) family 6 model 158 stepping 10 microcode 0xde, cx8, cmov, fxsr, ht, mmx, 3dnowpref, sse, sse2, sse3, ssse3, sse4.1, sse4.2, popcnt, lzcnt, tsc, tscinvbit, avx, avx2, aes, erms, clmul, bmi1, bmi2, adx, fma, vzeroupper, clflush, clflushopt

Memory: 4k page, system-wide physical 16272M (1025M free)
TotalPageFile size 20368M (AvailPageFile size 3M)
current process WorkingSet (physical memory assigned to process): 132M, peak: 136M
current process commit charge ("private bytes"): 249M, peak: 251M

vm_info: OpenJDK 64-Bit Server VM (17.0.4.1+1) for windows-amd64 JRE (17.0.4.1+1), built on Aug 17 2022 07:42:43 by "temurin" with MS VC++ 16.7 (VS2019)

END.
